<?xml version="1.0" encoding="utf-8"?><testsuites name="pytest tests"><testsuite name="pytest" errors="15" failures="37" skipped="0" tests="344" time="2.565" timestamp="2026-08-21T12:49:05.881341-07:00" hostname="hyungjundoh"><testcase classname="tests.control.sampling_c3.test_altitude_hold_gate" name="test_descent_blocked_when_allow_descent_false" time="0.001" /><testcase classname="tests.control.sampling_c3.test_altitude_hold_gate" name="test_phase_1_lift_still_fires_when_blocked" time="0.000" /><testcase classname="tests.control.sampling_c3.test_altitude_hold_gate" name="test_phase_2_traverse_unaffected_by_gate" time="0.000" /><testcase classname="tests.control.sampling_c3.test_altitude_hold_gate" name="test_backward_compat_default_allows_descent" time="0.000" /><testcase classname="tests.control.sampling_c3.test_altitude_hold_gate" name="test_direct_line_blocked_when_target_below" time="0.000" /><testcase classname="tests.control.sampling_c3.test_altitude_hold_gate" name="test_hold_at_xy_descent_blocked_at_z_safe" time="0.003" /><testcase classname="tests.control.sampling_c3.test_altitude_hold_gate" name="test_stability_counter_resets_on_target_change" time="0.000" /><testcase classname="tests.test_buffer_travel_normalization" name="test_append_stores_travel_free_cost" time="0.000" /><testcase classname="tests.test_buffer_travel_normalization" name="test_augment_cost_readds_current_travel" time="0.000" /><testcase classname="tests.test_buffer_travel_normalization" name="test_augment_cost_zero_travel_weight_is_identity" time="0.000" /><testcase classname="tests.test_c3plus_projection_eq12" name="test_case1_eta_wins_when_eta_dominant" time="0.000" /><testcase classname="tests.test_c3plus_projection_eq12" name="test_case2_lambda_wins_when_lambda_dominant" time="0.000" /><testcase classname="tests.test_c3plus_projection_eq12" name="test_case3_apex_when_both_negative" time="0.000" /><testcase classname="tests.test_c3plus_projection_eq12" name="test_case3_apex_when_lambda_negative_eta_negative" time="0.000" /><testcase classname="tests.test_c3plus_projection_eq12" name="test_origin_yields_origin" time="0.000" /><testcase classname="tests.test_c3plus_projection_eq12" name="test_lambda_zero_eta_positive_picks_eta" time="0.000" /><testcase classname="tests.test_c3plus_projection_eq12" name="test_eta_zero_lambda_positive_picks_lambda" time="0.000" /><testcase classname="tests.test_c3plus_projection_eq12" name="test_vectorized_mixed_cases" time="0.000" /><testcase classname="tests.test_c3plus_projection_eq12" name="test_output_complementarity_dot_zero" time="0.004" /><testcase classname="tests.test_c3plus_projection_eq12" name="test_output_nonnegative" time="0.000" /><testcase classname="tests.test_c3plus_projection_eq12" name="test_unequal_weights_changes_threshold" time="0.000" /><testcase classname="tests.test_c3plus_projection_eq12" name="test_unequal_weights_weights_other_direction" time="0.000" /><testcase classname="tests.test_c3plus_projection_eq12" name="test_module_import_matches_inline" time="0.000" /><testcase classname="tests.test_c3plus_vs_c3_smoke" name="test_c3_runs_and_predicts_positive_x_motion" time="0.112" /><testcase classname="tests.test_c3plus_vs_c3_smoke" name="test_c3plus_runs_and_predicts_positive_x_motion" time="0.011" /><testcase classname="tests.test_c3plus_vs_c3_smoke" name="test_c3plus_requires_complementarity_expression" time="0.001" /><testcase classname="tests.test_c3plus_vs_c3_smoke" name="test_c3_requires_complementarity_expression" time="0.000" /><testcase classname="tests.test_c3plus_vs_c3_smoke" name="test_c3_vs_c3plus_first_torque_sign_agrees" time="0.014" /><testcase classname="tests.test_commit_face_gate" name="test_commits_on_plus_x_face_push_west" time="0.000" /><testcase classname="tests.test_commit_face_gate" name="test_commits_inside_cone_at_minus_08" time="0.000" /><testcase classname="tests.test_commit_face_gate" name="test_refuses_perpendicular_y_faces[face_unit0]" time="0.000" /><testcase classname="tests.test_commit_face_gate" name="test_refuses_perpendicular_y_faces[face_unit1]" time="0.000" /><testcase classname="tests.test_commit_face_gate" name="test_refuses_anti_goal_minus_x_face" time="0.000" /><testcase classname="tests.test_commit_face_gate" name="test_boundary_at_exact_threshold_commits" time="0.000" /><testcase classname="tests.test_commit_face_gate" name="test_just_outside_boundary_refuses_with_near_miss_tag" time="0.000" /><testcase classname="tests.test_commit_face_gate" name="test_boundary_at_plus_threshold_commits_production_default" time="0.000" /><testcase classname="tests.test_commit_face_gate" name="test_just_outside_plus_threshold_refuses_with_anti_goal_tag" time="0.000" /><testcase classname="tests.test_commit_face_gate" name="test_production_threshold_refuses_known_runaway_face_aligns" time="0.000" /><testcase classname="tests.test_commit_face_gate" name="test_production_threshold_admits_known_productive_face_align" time="0.000" /><testcase classname="tests.test_commit_face_gate" name="test_boundary_at_zero_threshold_commits" time="0.000" /><testcase classname="tests.test_commit_face_gate" name="test_just_outside_zero_threshold_refuses" time="0.000" /><testcase classname="tests.test_commit_face_gate" name="test_zero_threshold_refuses_seed2_drift_entries" time="0.000" /><testcase classname="tests.test_commit_face_gate" name="test_zero_threshold_admits_productive_minus_0p497" time="0.000" /><testcase classname="tests.test_commit_face_gate" name="test_severity_tags[-0.9-commit]" time="0.000" /><testcase classname="tests.test_commit_face_gate" name="test_severity_tags[-0.7-commit]" time="0.000" /><testcase classname="tests.test_commit_face_gate" name="test_severity_tags[-0.5-near-miss-cone]" time="0.000" /><testcase classname="tests.test_commit_face_gate" name="test_severity_tags[-0.3-near-miss-cone]" time="0.000" /><testcase classname="tests.test_commit_face_gate" name="test_severity_tags[-0.1-perpendicular]" time="0.000" /><testcase classname="tests.test_commit_face_gate" name="test_severity_tags[0.0-perpendicular]" time="0.000" /><testcase classname="tests.test_commit_face_gate" name="test_severity_tags[0.2-perpendicular]" time="0.000" /><testcase classname="tests.test_commit_face_gate" name="test_severity_tags[0.3-perpendicular]" time="0.000" /><testcase classname="tests.test_commit_face_gate" name="test_severity_tags[0.5-anti-goal]" time="0.000" /><testcase classname="tests.test_commit_face_gate" name="test_severity_tags[1.0-anti-goal]" time="0.000" /><testcase classname="tests.test_commit_face_gate" name="test_commits_for_push_east_on_minus_x_face" time="0.000" /><testcase classname="tests.test_commit_face_gate" name="test_refuses_anti_goal_for_push_north" time="0.000" /><testcase classname="tests.test_commit_face_gate" name="test_commits_for_push_north_on_minus_y_face" time="0.000" /><testcase classname="tests.test_commit_face_gate" name="test_degenerate_target_on_box_center_refuses" time="0.000" /><testcase classname="tests.test_commit_face_gate" name="test_accepts_3d_inputs_uses_xy_only" time="0.000" /><testcase classname="tests.test_commit_face_gate" name="test_strict_cone_threshold_refuses_dot_minus_08" time="0.000" /><testcase classname="tests.test_commit_face_gate" name="test_kToC3Cost_unaffected_by_gate_refusal" time="0.000"><failure message="AssertionError: assert 'free' == 'c3'&#10;  &#10;  - c3&#10;  + free">def test_kToC3Cost_unaffected_by_gate_refusal():
        """``decide_mode`` is independent of the gate by design — the cost-gap
        path (mode_switch.py:132-135) consults c3_cost vs best_other_cost,
        not finished_repos. This test pins that contract.

        Note: at the WRAPPER level (plan 2026-06-10), ``kToC3Cost`` IS gated
        on the same commit-face discriminator via a post-decide override
        site in wrapper.py — when the override refuses, mode is overridden
        to ``"free"`` with ``reason = kStayInRepos``. See
        tests/test_commit_face_gate_post_decide.py for the wrapper-level
        contract. The decide_mode contract this test pins remains correct
        and unchanged."""
        p = _progress_params()

        mode, reason = decide_mode(
            prev_mode="free",
            c3_cost=5000.0,
            best_other_cost=8000.0,    # repos cost 8000; c3 + 500 = 5500 &lt; 8000
            current_repos_cost=8000.0,
            met_progress=True,
            near_goal=False,
            finished_repos=False,      # &lt;-- gate just refused
            params=p,
        )

&gt;       assert mode == "c3"
E       AssertionError: assert 'free' == 'c3'
E
E         - c3
E         + free

tests/test_commit_face_gate.py:485: AssertionError</failure></testcase><testcase classname="tests.test_commit_face_gate" name="test_kToC3ReachedReposTarget_blocked_when_gate_refuses" time="0.000" /><testcase classname="tests.test_commit_face_gate_post_decide" name="test_override_refuses_kToC3Cost_wrong_face_entry" time="0.000" /><testcase classname="tests.test_commit_face_gate_post_decide" name="test_override_refuses_kToC3ReachedReposTarget_wrong_face_entry" time="0.000" /><testcase classname="tests.test_commit_face_gate_post_decide" name="test_override_admits_productive_session_entry" time="0.000" /><testcase classname="tests.test_commit_face_gate_post_decide" name="test_override_admits_transient_entry_at_minus_0p737" time="0.000" /><testcase classname="tests.test_commit_face_gate_post_decide" name="test_override_passthrough_when_prev_was_c3" time="0.000" /><testcase classname="tests.test_commit_face_gate_post_decide" name="test_override_passthrough_when_decide_mode_returned_free" time="0.000" /><testcase classname="tests.test_commit_face_gate_post_decide" name="test_override_passthrough_when_no_repos_target" time="0.000" /><testcase classname="tests.test_commit_face_gate_post_decide" name="test_no_legit_face_align_is_refused[-0.999]" time="0.000" /><testcase classname="tests.test_commit_face_gate_post_decide" name="test_no_legit_face_align_is_refused[-0.961]" time="0.000" /><testcase classname="tests.test_commit_face_gate_post_decide" name="test_no_legit_face_align_is_refused[-0.737]" time="0.000" /><testcase classname="tests.test_commit_face_gate_post_decide" name="test_no_legit_face_align_is_refused[-0.497]" time="0.000" /><testcase classname="tests.test_commit_face_gate_post_decide" name="test_every_runaway_face_align_is_refused[0.988]" time="0.000" /><testcase classname="tests.test_commit_face_gate_post_decide" name="test_every_runaway_face_align_is_refused[0.975]" time="0.000" /><testcase classname="tests.test_flip_goal_mode" name="test_tripod_ids_distinct_and_signed" time="0.000" /><testcase classname="tests.test_flip_goal_mode" name="test_tripod_id_yaw_invariant" time="0.000" /><testcase classname="tests.test_flip_goal_mode" name="test_flip_mode_ignores_position_and_yaw" time="0.000" /><testcase classname="tests.test_flip_goal_mode" name="test_flip_mode_flicker_does_not_latch" time="0.000" /><testcase classname="tests.test_flip_goal_mode" name="test_flip_mode_wrong_tripod_never_latches" time="0.000" /><testcase classname="tests.test_flip_goal_mode" name="test_reference_mode_unchanged_by_tripod_match" time="0.000" /><testcase classname="tests.test_flip_goal_mode" name="test_redraw_avoids_current_tripod" time="0.000" /><testcase classname="tests.test_flip_goal_mode" name="test_initial_draw_avoids_given_tripod" time="0.000" /><testcase classname="tests.test_flip_goal_mode" name="test_flip_events_recorded_on_persisted_change" time="0.001" /><testcase classname="tests.test_flip_goal_mode" name="test_success_streak_resets_after_regoal" time="0.000" /><testcase classname="tests.test_inner_solve" name="test_traj_cost_zero_at_reference" time="0.001" /><testcase classname="tests.test_inner_solve" name="test_traj_cost_quadratic_in_state_error" time="0.000" /><testcase classname="tests.test_inner_solve" name="test_traj_cost_includes_control_term" time="0.000" /><testcase classname="tests.test_inner_solve" name="test_traj_cost_includes_terminal_term" time="0.001" /><testcase classname="tests.test_inner_solve" name="test_breakdown_keys_present" time="0.000" /><testcase classname="tests.test_inner_solve" name="test_breakdown_isolates_obj_xy_term" time="0.000" /><testcase classname="tests.test_jack_goal_generator" name="test_nominal_orientations_count_names_unit_norm" time="0.000" /><testcase classname="tests.test_jack_goal_generator" name="test_nominal_literals_match_reference_spot_checks" time="0.000" /><testcase classname="tests.test_jack_goal_generator" name="test_nominals_pairwise_distinct" time="0.000" /><testcase classname="tests.test_jack_goal_generator" name="test_geodesic_double_cover_and_identity" time="0.000" /><testcase classname="tests.test_jack_goal_generator" name="test_no_regoal_when_position_off" time="0.000" /><testcase classname="tests.test_jack_goal_generator" name="test_no_regoal_when_orientation_off" time="0.000" /><testcase classname="tests.test_jack_goal_generator" name="test_regoal_on_success_draws_within_limits" time="0.000" /><testcase classname="tests.test_jack_goal_generator" name="test_position_draws_stay_in_reference_box" time="0.006" /><testcase classname="tests.test_jack_goal_generator" name="test_fresh_index_uses_nominal_with_full_yaw_range" time="0.000" /><testcase classname="tests.test_jack_goal_generator" name="test_repeat_index_forces_half_pi_yaw_on_previous_goal_quat" time="0.000" /><testcase classname="tests.test_jack_goal_generator" name="test_force_regoal_draws_without_gate" time="0.000" /><testcase classname="tests.test_jack_goal_generator" name="test_draw_initial_goal_samples_krandom_distribution" time="0.000" /><testcase classname="tests.test_jack_goal_generator" name="test_draw_initial_goal_is_seed_deterministic" time="0.000" /><testcase classname="tests.test_jack_goal_generator" name="test_push_jack_task_config_enables_krandom" time="0.124"><failure message="AssertionError: assert True is False&#10; +  where True = &lt;built-in method get of dict object at 0x725ef0fe7580&gt;('krandom_draw_initial_goal')&#10; +    where &lt;built-in method get of dict object at 0x725ef0fe7580&gt; = {'color_rgba': [0.9, 0.45, 0.1, 1.0], 'controller_mass': 0.99, 'cost': {'d_push': 0.05, 'ee_target_z_offset_above_obje...rnion_dependent_regularizer_fraction': 0.0, 'q_quaternion_dependent_weight': 2500.0, ...}, 'flip_primitive': True, ...}.get">def test_push_jack_task_config_enables_krandom():
        import yaml
        cfg = yaml.safe_load(open("config/tasks.yaml"))
        assert cfg["tasks"]["push_jack"].get("goal_mode") == "kRandom"
        # Parked to false with the 2026-08-19 canonical jack recipe (boot from
        # the fixed reference target; draw on success only). Stale `is True`
        # assertion corrected during the 2026-08-19 T+jack merge.
&gt;       assert cfg["tasks"]["push_jack"].get("krandom_draw_initial_goal") is False
E       AssertionError: assert True is False
E        +  where True = &lt;built-in method get of dict object at 0x725ef0fe7580&gt;('krandom_draw_initial_goal')
E        +    where &lt;built-in method get of dict object at 0x725ef0fe7580&gt; = {'color_rgba': [0.9, 0.45, 0.1, 1.0], 'controller_mass': 0.99, 'cost': {'d_push': 0.05, 'ee_target_z_offset_above_obje...rnion_dependent_regularizer_fraction': 0.0, 'q_quaternion_dependent_weight': 2500.0, ...}, 'flip_primitive': True, ...}.get

tests/test_jack_goal_generator.py:218: AssertionError</failure></testcase><testcase classname="tests.test_lcp_projection" name="test_lcp_zero_dimensional" time="0.000" /><testcase classname="tests.test_lcp_projection" name="test_lcp_interior_solution" time="0.001" /><testcase classname="tests.test_lcp_projection" name="test_lcp_boundary_solution_lambda_zero" time="0.000" /><testcase classname="tests.test_lcp_projection" name="test_lcp_mixed_solution" time="0.000" /><testcase classname="tests.test_lcp_projection" name="test_lcp_random_psd_F" time="0.001" /><testcase classname="tests.test_lcp_projection" name="test_lcp_friction_cone_pyramid_block" time="0.001" /><testcase classname="tests.test_lcs_ee_space_ulin_consistency" name="test_consistent_at_zero_ulin" time="0.220"><error message="failed on setup with &quot;RuntimeError: Meshcat failed to open a websocket port.&quot;">@pytest.fixture(scope="module")
    def push_t_env():
        cfg = yaml.safe_load(
            open(os.path.join(_ROOT, "config", "tasks.yaml")))["tasks"]["push_t"]
        diagram, plant, panda_model, object_model, _mc, plant_ad, ctx_ad, _vw = \
&gt;           build_environment(cfg, time_step=0.001)

tests/test_lcs_ee_space_ulin_consistency.py:41:
_ _ _ _ _ _ _ _ _ _ _ _ _ _ _ _ _ _ _ _ _ _ _ _ _ _ _ _ _ _ _ _ _ _ _ _ _ _ _ _
sim/env_builder.py:822: in build_environment
    meshcat = ad.StartMeshcat()
_ _ _ _ _ _ _ _ _ _ _ _ _ _ _ _ _ _ _ _ _ _ _ _ _ _ _ _ _ _ _ _ _ _ _ _ _ _ _ _

    def StartMeshcat():
        """
        Constructs a Meshcat instance, with extra support for Deepnote.

        On most platforms, this function is equivalent to simply constructing a
        ``pydrake.geometry.Meshcat`` object with default arguments.

        On Deepnote, however, this does extra work to expose Meshcat to the public
        internet by setting up a reverse proxy for the single available network
        port. To access it, you must enable "Allow incoming connections" in the
        Environment settings pane.
        """
        if "DEEPNOTE_PROJECT_ID" in os.environ:
            return _start_meshcat_deepnote()
&gt;       return Meshcat()
E       RuntimeError: Meshcat failed to open a websocket port.

../miniconda3/envs/push_anything_ADMM/lib/python3.10/site-packages/pydrake/geometry/_geometry_extra.py:71: RuntimeError</error></testcase><testcase classname="tests.test_lcs_ee_space_ulin_consistency" name="test_consistent_at_nonzero_ulin" time="0.000"><error message="failed on setup with &quot;RuntimeError: Meshcat failed to open a websocket port.&quot;">@pytest.fixture(scope="module")
    def push_t_env():
        cfg = yaml.safe_load(
            open(os.path.join(_ROOT, "config", "tasks.yaml")))["tasks"]["push_t"]
        diagram, plant, panda_model, object_model, _mc, plant_ad, ctx_ad, _vw = \
&gt;           build_environment(cfg, time_step=0.001)

tests/test_lcs_ee_space_ulin_consistency.py:41:
_ _ _ _ _ _ _ _ _ _ _ _ _ _ _ _ _ _ _ _ _ _ _ _ _ _ _ _ _ _ _ _ _ _ _ _ _ _ _ _
sim/env_builder.py:822: in build_environment
    meshcat = ad.StartMeshcat()
_ _ _ _ _ _ _ _ _ _ _ _ _ _ _ _ _ _ _ _ _ _ _ _ _ _ _ _ _ _ _ _ _ _ _ _ _ _ _ _

    def StartMeshcat():
        """
        Constructs a Meshcat instance, with extra support for Deepnote.

        On most platforms, this function is equivalent to simply constructing a
        ``pydrake.geometry.Meshcat`` object with default arguments.

        On Deepnote, however, this does extra work to expose Meshcat to the public
        internet by setting up a reverse proxy for the single available network
        port. To access it, you must enable "Allow incoming connections" in the
        Environment settings pane.
        """
        if "DEEPNOTE_PROJECT_ID" in os.environ:
            return _start_meshcat_deepnote()
&gt;       return Meshcat()
E       RuntimeError: Meshcat failed to open a websocket port.

../miniconda3/envs/push_anything_ADMM/lib/python3.10/site-packages/pydrake/geometry/_geometry_extra.py:71: RuntimeError</error></testcase><testcase classname="tests.test_lcs_efhc" name="test_efhc_shapes" time="0.041"><failure message="RuntimeError: Meshcat failed to open a websocket port.">def test_efhc_shapes():
        """λ has dimension 6·n_c; E/F/H/c shapes match."""
&gt;       _, plant_ctx, f, _ = _build()

tests/test_lcs_efhc.py:78:
_ _ _ _ _ _ _ _ _ _ _ _ _ _ _ _ _ _ _ _ _ _ _ _ _ _ _ _ _ _ _ _ _ _ _ _ _ _ _ _
tests/test_lcs_efhc.py:62: in _build
    diagram, plant, panda_model, _, _, plant_ad, ctx_ad, _ = build_environment(cfg)
sim/env_builder.py:822: in build_environment
    meshcat = ad.StartMeshcat()
_ _ _ _ _ _ _ _ _ _ _ _ _ _ _ _ _ _ _ _ _ _ _ _ _ _ _ _ _ _ _ _ _ _ _ _ _ _ _ _

    def StartMeshcat():
        """
        Constructs a Meshcat instance, with extra support for Deepnote.

        On most platforms, this function is equivalent to simply constructing a
        ``pydrake.geometry.Meshcat`` object with default arguments.

        On Deepnote, however, this does extra work to expose Meshcat to the public
        internet by setting up a reverse proxy for the single available network
        port. To access it, you must enable "Allow incoming connections" in the
        Environment settings pane.
        """
        if "DEEPNOTE_PROJECT_ID" in os.environ:
            return _start_meshcat_deepnote()
&gt;       return Meshcat()
E       RuntimeError: Meshcat failed to open a websocket port.

../miniconda3/envs/push_anything_ADMM/lib/python3.10/site-packages/pydrake/geometry/_geometry_extra.py:71: RuntimeError</failure></testcase><testcase classname="tests.test_lcs_efhc" name="test_gamma_row_block_matches_hand_assembly" time="0.038"><failure message="RuntimeError: Meshcat failed to open a websocket port.">def test_gamma_row_block_matches_hand_assembly():
        """γ rows: F[γ, λ_n] = μ·I, F[γ, λ_t] = -E_t, all other slots zero."""
&gt;       _, plant_ctx, f, _ = _build()

tests/test_lcs_efhc.py:94:
_ _ _ _ _ _ _ _ _ _ _ _ _ _ _ _ _ _ _ _ _ _ _ _ _ _ _ _ _ _ _ _ _ _ _ _ _ _ _ _
tests/test_lcs_efhc.py:62: in _build
    diagram, plant, panda_model, _, _, plant_ad, ctx_ad, _ = build_environment(cfg)
sim/env_builder.py:822: in build_environment
    meshcat = ad.StartMeshcat()
_ _ _ _ _ _ _ _ _ _ _ _ _ _ _ _ _ _ _ _ _ _ _ _ _ _ _ _ _ _ _ _ _ _ _ _ _ _ _ _

    def StartMeshcat():
        """
        Constructs a Meshcat instance, with extra support for Deepnote.

        On most platforms, this function is equivalent to simply constructing a
        ``pydrake.geometry.Meshcat`` object with default arguments.

        On Deepnote, however, this does extra work to expose Meshcat to the public
        internet by setting up a reverse proxy for the single available network
        port. To access it, you must enable "Allow incoming connections" in the
        Environment settings pane.
        """
        if "DEEPNOTE_PROJECT_ID" in os.environ:
            return _start_meshcat_deepnote()
&gt;       return Meshcat()
E       RuntimeError: Meshcat failed to open a websocket port.

../miniconda3/envs/push_anything_ADMM/lib/python3.10/site-packages/pydrake/geometry/_geometry_extra.py:71: RuntimeError</failure></testcase><testcase classname="tests.test_lcs_efhc" name="test_lambda_n_rows_match_hand_assembly" time="0.037"><failure message="RuntimeError: Meshcat failed to open a websocket port.">def test_lambda_n_rows_match_hand_assembly():
        """λ_n rows: E v-block, F λ_n / λ_t blocks, H, and c match the
        autodiff-derived reference exactly."""
&gt;       _, plant_ctx, f, _ = _build()

tests/test_lcs_efhc.py:123:
_ _ _ _ _ _ _ _ _ _ _ _ _ _ _ _ _ _ _ _ _ _ _ _ _ _ _ _ _ _ _ _ _ _ _ _ _ _ _ _
tests/test_lcs_efhc.py:62: in _build
    diagram, plant, panda_model, _, _, plant_ad, ctx_ad, _ = build_environment(cfg)
sim/env_builder.py:822: in build_environment
    meshcat = ad.StartMeshcat()
_ _ _ _ _ _ _ _ _ _ _ _ _ _ _ _ _ _ _ _ _ _ _ _ _ _ _ _ _ _ _ _ _ _ _ _ _ _ _ _

    def StartMeshcat():
        """
        Constructs a Meshcat instance, with extra support for Deepnote.

        On most platforms, this function is equivalent to simply constructing a
        ``pydrake.geometry.Meshcat`` object with default arguments.

        On Deepnote, however, this does extra work to expose Meshcat to the public
        internet by setting up a reverse proxy for the single available network
        port. To access it, you must enable "Allow incoming connections" in the
        Environment settings pane.
        """
        if "DEEPNOTE_PROJECT_ID" in os.environ:
            return _start_meshcat_deepnote()
&gt;       return Meshcat()
E       RuntimeError: Meshcat failed to open a websocket port.

../miniconda3/envs/push_anything_ADMM/lib/python3.10/site-packages/pydrake/geometry/_geometry_extra.py:71: RuntimeError</failure></testcase><testcase classname="tests.test_lcs_efhc" name="test_lambda_t_rows_match_hand_assembly" time="0.036"><failure message="RuntimeError: Meshcat failed to open a websocket port.">def test_lambda_t_rows_match_hand_assembly():
        """λ_t rows: F[λ_t, γ] = E_t^T (couples slack to tangents), and the
        F[λ_t, λ_*] / E / H / c blocks match the autodiff reference."""
&gt;       _, plant_ctx, f, _ = _build()

tests/test_lcs_efhc.py:168:
_ _ _ _ _ _ _ _ _ _ _ _ _ _ _ _ _ _ _ _ _ _ _ _ _ _ _ _ _ _ _ _ _ _ _ _ _ _ _ _
tests/test_lcs_efhc.py:62: in _build
    diagram, plant, panda_model, _, _, plant_ad, ctx_ad, _ = build_environment(cfg)
sim/env_builder.py:822: in build_environment
    meshcat = ad.StartMeshcat()
_ _ _ _ _ _ _ _ _ _ _ _ _ _ _ _ _ _ _ _ _ _ _ _ _ _ _ _ _ _ _ _ _ _ _ _ _ _ _ _

    def StartMeshcat():
        """
        Constructs a Meshcat instance, with extra support for Deepnote.

        On most platforms, this function is equivalent to simply constructing a
        ``pydrake.geometry.Meshcat`` object with default arguments.

        On Deepnote, however, this does extra work to expose Meshcat to the public
        internet by setting up a reverse proxy for the single available network
        port. To access it, you must enable "Allow incoming connections" in the
        Environment settings pane.
        """
        if "DEEPNOTE_PROJECT_ID" in os.environ:
            return _start_meshcat_deepnote()
&gt;       return Meshcat()
E       RuntimeError: Meshcat failed to open a websocket port.

../miniconda3/envs/push_anything_ADMM/lib/python3.10/site-packages/pydrake/geometry/_geometry_extra.py:71: RuntimeError</failure></testcase><testcase classname="tests.test_lcs_efhc" name="test_D_gamma_columns_zero" time="0.039"><failure message="RuntimeError: Meshcat failed to open a websocket port.">def test_D_gamma_columns_zero():
        """γ does not enter dynamics — D's first n_c columns are exactly zero."""
&gt;       _, plant_ctx, f, _ = _build()

tests/test_lcs_efhc.py:214:
_ _ _ _ _ _ _ _ _ _ _ _ _ _ _ _ _ _ _ _ _ _ _ _ _ _ _ _ _ _ _ _ _ _ _ _ _ _ _ _
tests/test_lcs_efhc.py:62: in _build
    diagram, plant, panda_model, _, _, plant_ad, ctx_ad, _ = build_environment(cfg)
sim/env_builder.py:822: in build_environment
    meshcat = ad.StartMeshcat()
_ _ _ _ _ _ _ _ _ _ _ _ _ _ _ _ _ _ _ _ _ _ _ _ _ _ _ _ _ _ _ _ _ _ _ _ _ _ _ _

    def StartMeshcat():
        """
        Constructs a Meshcat instance, with extra support for Deepnote.

        On most platforms, this function is equivalent to simply constructing a
        ``pydrake.geometry.Meshcat`` object with default arguments.

        On Deepnote, however, this does extra work to expose Meshcat to the public
        internet by setting up a reverse proxy for the single available network
        port. To access it, you must enable "Allow incoming connections" in the
        Environment settings pane.
        """
        if "DEEPNOTE_PROJECT_ID" in os.environ:
            return _start_meshcat_deepnote()
&gt;       return Meshcat()
E       RuntimeError: Meshcat failed to open a websocket port.

../miniconda3/envs/push_anything_ADMM/lib/python3.10/site-packages/pydrake/geometry/_geometry_extra.py:71: RuntimeError</failure></testcase><testcase classname="tests.test_lcs_efhc" name="test_no_contacts_returns_zero_lcp_blocks" time="0.038"><failure message="RuntimeError: Meshcat failed to open a websocket port.">def test_no_contacts_returns_zero_lcp_blocks():
        """When no contacts are detected (gap &gt; threshold), n_λ = 0 and the
        LCP blocks have zero rows."""
        cfg = {
            "object_type": "box", "size": [0.1, 0.1, 0.1],
            "mass": 0.2, "friction": 0.4, "color_rgba": [0.6, 0.3, 0.1, 1.0],
            "init_xyz": [0, 0, 0.05], "goal_xy": [0.3, 0],
            "link_name": "box_link", "cost": {},
        }
&gt;       diagram, plant, panda_model, _, _, plant_ad, ctx_ad, _ = build_environment(cfg)

tests/test_lcs_efhc.py:230:
_ _ _ _ _ _ _ _ _ _ _ _ _ _ _ _ _ _ _ _ _ _ _ _ _ _ _ _ _ _ _ _ _ _ _ _ _ _ _ _
sim/env_builder.py:822: in build_environment
    meshcat = ad.StartMeshcat()
_ _ _ _ _ _ _ _ _ _ _ _ _ _ _ _ _ _ _ _ _ _ _ _ _ _ _ _ _ _ _ _ _ _ _ _ _ _ _ _

    def StartMeshcat():
        """
        Constructs a Meshcat instance, with extra support for Deepnote.

        On most platforms, this function is equivalent to simply constructing a
        ``pydrake.geometry.Meshcat`` object with default arguments.

        On Deepnote, however, this does extra work to expose Meshcat to the public
        internet by setting up a reverse proxy for the single available network
        port. To access it, you must enable "Allow incoming connections" in the
        Environment settings pane.
        """
        if "DEEPNOTE_PROJECT_ID" in os.environ:
            return _start_meshcat_deepnote()
&gt;       return Meshcat()
E       RuntimeError: Meshcat failed to open a websocket port.

../miniconda3/envs/push_anything_ADMM/lib/python3.10/site-packages/pydrake/geometry/_geometry_extra.py:71: RuntimeError</failure></testcase><testcase classname="tests.test_lcs_jacobian" name="test_jacobian_matches_finite_differences" time="0.039"><failure message="RuntimeError: Meshcat failed to open a websocket port.">def test_jacobian_matches_finite_differences():
&gt;       plant, plant_ctx, formulator, _diag = _build_env()

tests/test_lcs_jacobian.py:88:
_ _ _ _ _ _ _ _ _ _ _ _ _ _ _ _ _ _ _ _ _ _ _ _ _ _ _ _ _ _ _ _ _ _ _ _ _ _ _ _
tests/test_lcs_jacobian.py:56: in _build_env
    _video_writer = build_environment(cfg)
sim/env_builder.py:822: in build_environment
    meshcat = ad.StartMeshcat()
_ _ _ _ _ _ _ _ _ _ _ _ _ _ _ _ _ _ _ _ _ _ _ _ _ _ _ _ _ _ _ _ _ _ _ _ _ _ _ _

    def StartMeshcat():
        """
        Constructs a Meshcat instance, with extra support for Deepnote.

        On most platforms, this function is equivalent to simply constructing a
        ``pydrake.geometry.Meshcat`` object with default arguments.

        On Deepnote, however, this does extra work to expose Meshcat to the public
        internet by setting up a reverse proxy for the single available network
        port. To access it, you must enable "Allow incoming connections" in the
        Environment settings pane.
        """
        if "DEEPNOTE_PROJECT_ID" in os.environ:
            return _start_meshcat_deepnote()
&gt;       return Meshcat()
E       RuntimeError: Meshcat failed to open a websocket port.

../miniconda3/envs/push_anything_ADMM/lib/python3.10/site-packages/pydrake/geometry/_geometry_extra.py:71: RuntimeError</failure></testcase><testcase classname="tests.test_lcs_jacobian" name="test_f_eval_matches_zeroth_order" time="0.037"><failure message="RuntimeError: Meshcat failed to open a websocket port.">def test_f_eval_matches_zeroth_order():
&gt;       plant, plant_ctx, formulator, _diag = _build_env()

tests/test_lcs_jacobian.py:123:
_ _ _ _ _ _ _ _ _ _ _ _ _ _ _ _ _ _ _ _ _ _ _ _ _ _ _ _ _ _ _ _ _ _ _ _ _ _ _ _
tests/test_lcs_jacobian.py:56: in _build_env
    _video_writer = build_environment(cfg)
sim/env_builder.py:822: in build_environment
    meshcat = ad.StartMeshcat()
_ _ _ _ _ _ _ _ _ _ _ _ _ _ _ _ _ _ _ _ _ _ _ _ _ _ _ _ _ _ _ _ _ _ _ _ _ _ _ _

    def StartMeshcat():
        """
        Constructs a Meshcat instance, with extra support for Deepnote.

        On most platforms, this function is equivalent to simply constructing a
        ``pydrake.geometry.Meshcat`` object with default arguments.

        On Deepnote, however, this does extra work to expose Meshcat to the public
        internet by setting up a reverse proxy for the single available network
        port. To access it, you must enable "Allow incoming connections" in the
        Environment settings pane.
        """
        if "DEEPNOTE_PROJECT_ID" in os.environ:
            return _start_meshcat_deepnote()
&gt;       return Meshcat()
E       RuntimeError: Meshcat failed to open a websocket port.

../miniconda3/envs/push_anything_ADMM/lib/python3.10/site-packages/pydrake/geometry/_geometry_extra.py:71: RuntimeError</failure></testcase><testcase classname="tests.test_lcs_jacobian" name="test_linearization_is_exact_at_lin_point" time="0.040"><failure message="RuntimeError: Meshcat failed to open a websocket port.">def test_linearization_is_exact_at_lin_point():
        """At (q*, v*, u*) with λ=0, the discrete LCS prediction should reproduce
        the explicit forward-Euler step *exactly* — d_v_offset cancels J_f·[q*;v*;u*]
        so x_{k+1} = forward_euler(q*, v*, u*).
        """
&gt;       plant, plant_ctx, formulator, _diag = _build_env()

tests/test_lcs_jacobian.py:148:
_ _ _ _ _ _ _ _ _ _ _ _ _ _ _ _ _ _ _ _ _ _ _ _ _ _ _ _ _ _ _ _ _ _ _ _ _ _ _ _
tests/test_lcs_jacobian.py:56: in _build_env
    _video_writer = build_environment(cfg)
sim/env_builder.py:822: in build_environment
    meshcat = ad.StartMeshcat()
_ _ _ _ _ _ _ _ _ _ _ _ _ _ _ _ _ _ _ _ _ _ _ _ _ _ _ _ _ _ _ _ _ _ _ _ _ _ _ _

    def StartMeshcat():
        """
        Constructs a Meshcat instance, with extra support for Deepnote.

        On most platforms, this function is equivalent to simply constructing a
        ``pydrake.geometry.Meshcat`` object with default arguments.

        On Deepnote, however, this does extra work to expose Meshcat to the public
        internet by setting up a reverse proxy for the single available network
        port. To access it, you must enable "Allow incoming connections" in the
        Environment settings pane.
        """
        if "DEEPNOTE_PROJECT_ID" in os.environ:
            return _start_meshcat_deepnote()
&gt;       return Meshcat()
E       RuntimeError: Meshcat failed to open a websocket port.

../miniconda3/envs/push_anything_ADMM/lib/python3.10/site-packages/pydrake/geometry/_geometry_extra.py:71: RuntimeError</failure></testcase><testcase classname="tests.test_lcs_jacobian" name="test_linearization_better_than_zeroth_order_off_lin" time="0.039"><failure message="RuntimeError: Meshcat failed to open a websocket port.">def test_linearization_better_than_zeroth_order_off_lin():
        """At a state OFF the linearization point, the first-order linearization
        should be at least as accurate as the zeroth-order linearization in
        predicting the true forward dynamics.
        """
&gt;       plant, plant_ctx, formulator, _diag = _build_env()

tests/test_lcs_jacobian.py:193:
_ _ _ _ _ _ _ _ _ _ _ _ _ _ _ _ _ _ _ _ _ _ _ _ _ _ _ _ _ _ _ _ _ _ _ _ _ _ _ _
tests/test_lcs_jacobian.py:56: in _build_env
    _video_writer = build_environment(cfg)
sim/env_builder.py:822: in build_environment
    meshcat = ad.StartMeshcat()
_ _ _ _ _ _ _ _ _ _ _ _ _ _ _ _ _ _ _ _ _ _ _ _ _ _ _ _ _ _ _ _ _ _ _ _ _ _ _ _

    def StartMeshcat():
        """
        Constructs a Meshcat instance, with extra support for Deepnote.

        On most platforms, this function is equivalent to simply constructing a
        ``pydrake.geometry.Meshcat`` object with default arguments.

        On Deepnote, however, this does extra work to expose Meshcat to the public
        internet by setting up a reverse proxy for the single available network
        port. To access it, you must enable "Allow incoming connections" in the
        Environment settings pane.
        """
        if "DEEPNOTE_PROJECT_ID" in os.environ:
            return _start_meshcat_deepnote()
&gt;       return Meshcat()
E       RuntimeError: Meshcat failed to open a websocket port.

../miniconda3/envs/push_anything_ADMM/lib/python3.10/site-packages/pydrake/geometry/_geometry_extra.py:71: RuntimeError</failure></testcase><testcase classname="tests.test_mesh_normal_sampling" name="test_face_filter_keeps_only_side_walls" time="0.010" /><testcase classname="tests.test_mesh_normal_sampling" name="test_bins_are_cumulative_areas" time="0.001" /><testcase classname="tests.test_mesh_normal_sampling" name="test_samples_offset_along_normals_at_height" time="0.001" /><testcase classname="tests.test_mesh_normal_sampling" name="test_dispatch_requires_mesh_faces" time="0.000" /><testcase classname="tests.test_mode_switch" name="test_hysteresis_absolute_uses_far_field_when_not_near_goal" time="0.000"><failure message="AssertionError: assert 9999.0 == 1234.0&#10; +  where 9999.0 = _hysteresis(ProgressParams(track_c3_progress_via=&lt;ProgressMetric.kPosOrRotCost: 2&gt;, num_control_loops_to_wait_s=0.6, num_control_l...c3_frac=0.9, hyst_repos_to_c3_frac_position=0.9, hyst_repos_to_repos_frac=0.02, hyst_repos_to_repos_frac_position=0.05), 'c3_to_repos', near_goal=False, ref_cost=0)">def test_hysteresis_absolute_uses_far_field_when_not_near_goal():
        p = _params(hyst_c3_to_repos=1234.0, hyst_c3_to_repos_position=9999.0)
&gt;       assert _hysteresis(p, "c3_to_repos", near_goal=False, ref_cost=0) == 1234.0
E       AssertionError: assert 9999.0 == 1234.0
E        +  where 9999.0 = _hysteresis(ProgressParams(track_c3_progress_via=&lt;ProgressMetric.kPosOrRotCost: 2&gt;, num_control_loops_to_wait_s=0.6, num_control_l...c3_frac=0.9, hyst_repos_to_c3_frac_position=0.9, hyst_repos_to_repos_frac=0.02, hyst_repos_to_repos_frac_position=0.05), 'c3_to_repos', near_goal=False, ref_cost=0)

tests/test_mode_switch.py:25: AssertionError</failure></testcase><testcase classname="tests.test_mode_switch" name="test_hysteresis_absolute_uses_position_field_when_near_goal" time="0.000"><failure message="AssertionError: assert 1234.0 == 9999.0&#10; +  where 1234.0 = _hysteresis(ProgressParams(track_c3_progress_via=&lt;ProgressMetric.kPosOrRotCost: 2&gt;, num_control_loops_to_wait_s=0.6, num_control_l...c3_frac=0.9, hyst_repos_to_c3_frac_position=0.9, hyst_repos_to_repos_frac=0.02, hyst_repos_to_repos_frac_position=0.05), 'c3_to_repos', near_goal=True, ref_cost=0)">def test_hysteresis_absolute_uses_position_field_when_near_goal():
        p = _params(hyst_c3_to_repos=1234.0, hyst_c3_to_repos_position=9999.0)
&gt;       assert _hysteresis(p, "c3_to_repos", near_goal=True, ref_cost=0) == 9999.0
E       AssertionError: assert 1234.0 == 9999.0
E        +  where 1234.0 = _hysteresis(ProgressParams(track_c3_progress_via=&lt;ProgressMetric.kPosOrRotCost: 2&gt;, num_control_loops_to_wait_s=0.6, num_control_l...c3_frac=0.9, hyst_repos_to_c3_frac_position=0.9, hyst_repos_to_repos_frac=0.02, hyst_repos_to_repos_frac_position=0.05), 'c3_to_repos', near_goal=True, ref_cost=0)

tests/test_mode_switch.py:30: AssertionError</failure></testcase><testcase classname="tests.test_mode_switch" name="test_hysteresis_relative_scales_with_ref_cost" time="0.000"><failure message="AssertionError: assert 5000.0 == 1000.0&#10; +  where 5000.0 = _hysteresis(ProgressParams(track_c3_progress_via=&lt;ProgressMetric.kPosOrRotCost: 2&gt;, num_control_loops_to_wait_s=0.6, num_control_l...c3_frac=0.1, hyst_repos_to_c3_frac_position=0.5, hyst_repos_to_repos_frac=0.02, hyst_repos_to_repos_frac_position=0.05), 'repos_to_c3', near_goal=False, ref_cost=10000.0)">def test_hysteresis_relative_scales_with_ref_cost():
        p = _params(use_relative_hysteresis=True,
                    hyst_repos_to_c3_frac=0.10,
                    hyst_repos_to_c3_frac_position=0.50)
&gt;       assert _hysteresis(p, "repos_to_c3", near_goal=False, ref_cost=10000.0) == 1000.0
E       AssertionError: assert 5000.0 == 1000.0
E        +  where 5000.0 = _hysteresis(ProgressParams(track_c3_progress_via=&lt;ProgressMetric.kPosOrRotCost: 2&gt;, num_control_loops_to_wait_s=0.6, num_control_l...c3_frac=0.1, hyst_repos_to_c3_frac_position=0.5, hyst_repos_to_repos_frac=0.02, hyst_repos_to_repos_frac_position=0.05), 'repos_to_c3', near_goal=False, ref_cost=10000.0)

tests/test_mode_switch.py:37: AssertionError</failure></testcase><testcase classname="tests.test_mode_switch" name="test_hysteresis_relative_with_negative_cost_uses_abs" time="0.000" /><testcase classname="tests.test_mode_switch" name="test_unknown_hysteresis_kind_raises" time="0.000" /><testcase classname="tests.test_mode_switch" name="test_stay_in_c3_when_no_other_sample_is_clearly_better" time="0.000" /><testcase classname="tests.test_mode_switch" name="test_c3_to_repos_when_cost_gap_exceeds_hysteresis" time="0.000"><failure message="AssertionError: assert 'c3' == 'free'&#10;  &#10;  - free&#10;  + c3">def test_c3_to_repos_when_cost_gap_exceeds_hysteresis():
        p = _params(hyst_c3_to_repos=1000.0)
        mode, reason = decide_mode(
            prev_mode="c3",
            c3_cost=10000.0,
            best_other_cost=8000.0,    # 2000 cheaper &gt; 1000 gap
            current_repos_cost=None,
            met_progress=True,
            near_goal=False,
            finished_repos=False,
            params=p,
        )
&gt;       assert mode   == "free"
E       AssertionError: assert 'c3' == 'free'
E
E         - free
E         + c3

tests/test_mode_switch.py:89: AssertionError</failure></testcase><testcase classname="tests.test_mode_switch" name="test_position_hysteresis_used_near_goal" time="0.000"><failure message="AssertionError: assert 'c3' == 'free'&#10;  &#10;  - free&#10;  + c3">def test_position_hysteresis_used_near_goal():
        """When near_goal, the larger _position field applies — same gap that
        triggered a switch far from the goal must NOT trigger near it."""
        p = _params(hyst_c3_to_repos=1000.0, hyst_c3_to_repos_position=5000.0)
        args = dict(
            prev_mode="c3",
            c3_cost=10000.0,
            best_other_cost=8000.0,    # gap 2000
            current_repos_cost=None,
            met_progress=True,
            finished_repos=False,
            params=p,
        )
        mode_far,  _ = decide_mode(near_goal=False, **args)
        mode_near, _ = decide_mode(near_goal=True,  **args)
&gt;       assert mode_far  == "free"   # gap 2000 &gt; hyst 1000
E       AssertionError: assert 'c3' == 'free'
E
E         - free
E         + c3

tests/test_mode_switch.py:108: AssertionError</failure></testcase><testcase classname="tests.test_mode_switch" name="test_c3_to_repos_when_progress_times_out_even_if_costs_tie" time="0.000" /><testcase classname="tests.test_mode_switch" name="test_unproductive_takes_precedence_over_cost" time="0.000" /><testcase classname="tests.test_mode_switch" name="test_finished_repos_returns_to_c3_unconditionally" time="0.000"><failure message="AssertionError: assert 'free' == 'c3'&#10;  &#10;  - c3&#10;  + free">def test_finished_repos_returns_to_c3_unconditionally():
        p = _params(hyst_repos_to_c3=99999.0)   # huge — wouldn't switch on cost alone
        mode, reason = decide_mode(
            prev_mode="free",
            c3_cost=20000.0,           # WORSE than current repos
            best_other_cost=20000.0,
            current_repos_cost=10000.0,
            met_progress=True,
            near_goal=False,
            finished_repos=True,       # forces switch
            params=p,
        )
&gt;       assert mode   == "c3"
E       AssertionError: assert 'free' == 'c3'
E
E         - c3
E         + free

tests/test_mode_switch.py:164: AssertionError</failure></testcase><testcase classname="tests.test_mode_switch" name="test_free_to_c3_when_c3_beats_repos_by_hysteresis" time="0.000"><failure message="AssertionError: assert 'free' == 'c3'&#10;  &#10;  - c3&#10;  + free">def test_free_to_c3_when_c3_beats_repos_by_hysteresis():
        p = _params(hyst_repos_to_c3=1000.0)
        mode, reason = decide_mode(
            prev_mode="free",
            c3_cost=5000.0,
            best_other_cost=8000.0,    # repos cost 8000; c3+gap=6000 &lt; 8000 → switch
            current_repos_cost=8000.0,
            met_progress=True,
            near_goal=False,
            finished_repos=False,
            params=p,
        )
&gt;       assert mode   == "c3"
E       AssertionError: assert 'free' == 'c3'
E
E         - c3
E         + free

tests/test_mode_switch.py:184: AssertionError</failure></testcase><testcase classname="tests.test_mode_switch" name="test_free_to_c3_blocked_when_gap_below_hysteresis" time="0.000" /><testcase classname="tests.test_mode_switch" name="test_repos_retarget_when_better_repos_appears" time="0.000"><failure message="assert &lt;SwitchReason.kStayInRepos: 1&gt; == &lt;SwitchReason.kToBetterRepos: 6&gt;&#10; +  where &lt;SwitchReason.kToBetterRepos: 6&gt; = SwitchReason.kToBetterRepos">def test_repos_retarget_when_better_repos_appears():
        p = _params(hyst_repos_to_c3=1e9,         # never re-enter C3 on cost
                    hyst_repos_to_repos=500.0)
        mode, reason = decide_mode(
            prev_mode="free",
            c3_cost=20000.0,
            best_other_cost=5000.0,    # better than current repos by 1000
            current_repos_cost=6000.0,
            met_progress=True,
            near_goal=False,
            finished_repos=False,
            params=p,
        )
        assert mode   == "free"
&gt;       assert reason == SwitchReason.kToBetterRepos
E       assert &lt;SwitchReason.kStayInRepos: 1&gt; == &lt;SwitchReason.kToBetterRepos: 6&gt;
E        +  where &lt;SwitchReason.kToBetterRepos: 6&gt; = SwitchReason.kToBetterRepos

tests/test_mode_switch.py:221: AssertionError</failure></testcase><testcase classname="tests.test_mode_switch" name="test_repos_stay_when_no_better_target" time="0.000" /><testcase classname="tests.test_mode_switch" name="test_repos_stay_with_no_current_target" time="0.000" /><testcase classname="tests.test_mode_switch" name="test_invalid_prev_mode_raises" time="0.000" /><testcase classname="tests.test_mode_switch" name="test_switch_reasons_have_distinct_int_values" time="0.000" /><testcase classname="tests.test_mode_switch" name="test_free_to_c3_NOT_triggered_when_best_other_is_inf" time="0.000" /><testcase classname="tests.test_mode_switch" name="test_free_to_c3_still_triggered_when_best_other_finite_and_c3_better" time="0.000"><failure message="AssertionError: expected c3, got mode=free&#10;assert 'free' == 'c3'&#10;  &#10;  - c3&#10;  + free">def test_free_to_c3_still_triggered_when_best_other_finite_and_c3_better():
        """Sanity: the guard only blocks the inf case. When best_other is
        finite and c3 is much cheaper, kToC3Cost must still fire (no
        regression on the working path). Uses repos_to_c3_frac=0.9 so the
        gate fires only when c3_cost*(1+0.9) &lt; best_other_cost, i.e.,
        best_other &gt;= 1.9*c3."""
        p = _params(use_relative_hysteresis=True, hyst_repos_to_c3_frac=0.9)
        mode, reason = decide_mode(
            prev_mode="free",
            c3_cost=10000.0,
            best_other_cost=25000.0,   # 25000 &gt; 1.9 * 10000 = 19000 ✓
            current_repos_cost=None,
            met_progress=False,
            near_goal=False,
            finished_repos=False,
            params=p,
        )
&gt;       assert mode == "c3", f"expected c3, got mode={mode}"
E       AssertionError: expected c3, got mode=free
E       assert 'free' == 'c3'
E
E         - c3
E         + free

tests/test_mode_switch.py:324: AssertionError</failure></testcase><testcase classname="tests.test_osc_default_gains" name="test_default_yaml_provides_joint2_gains_but_weight_off" time="0.004"><failure message="assert 1.0 == 0.0&#10; +  where 1.0 = OscGains(Kp_cart=array([200., 200., 200.]), Kd_cart=array([20., 20., 20.]), Kp_null=array([10., 10., 10., 10., 10., 10...rget_rad=1.1, joint2_idx=1, Kp_rot=array([800., 800., 800.]), Kd_rot=array([40., 40., 40.]), W_rot=10.0, a_ee_cap=10.0).W_joint2">def test_default_yaml_provides_joint2_gains_but_weight_off():
        """Joint-2 scaffolding kept reference-valued, W=0 per Option A."""
        gains, _ = _load_osc_gains(Path("config/osc_franka.yaml"), n_arm=7)
        assert gains.Kp_joint2 == 200.0
        assert gains.Kd_joint2 == 10.0
&gt;       assert gains.W_joint2 == 0.0     # Option A: port-frame decision
E       assert 1.0 == 0.0
E        +  where 1.0 = OscGains(Kp_cart=array([200., 200., 200.]), Kd_cart=array([20., 20., 20.]), Kp_null=array([10., 10., 10., 10., 10., 10...rget_rad=1.1, joint2_idx=1, Kp_rot=array([800., 800., 800.]), Kd_rot=array([40., 40., 40.]), W_rot=10.0, a_ee_cap=10.0).W_joint2

tests/test_osc_default_gains.py:27: AssertionError</failure></testcase><testcase classname="tests.test_osc_default_gains" name="test_single_reference_gain_set_all_modes" time="0.004" /><testcase classname="tests.test_osc_force_tracking" name="test_lambda_ext_tracks_lambda_des_high_W_force" time="0.001" /><testcase classname="tests.test_osc_force_tracking" name="test_lambda_ext_implies_consistent_joint_torque" time="0.001"><failure message="AssertionError: &#10;Not equal to tolerance rtol=1e-07, atol=0.0001&#10;&#10;Mismatched elements: 1 / 7 (14.3%)&#10;Max absolute difference among violations: 5.&#10;Max relative difference among violations: 1.&#10; ACTUAL: array([0., 0., 0., 0., 0., 0., 0.])&#10; DESIRED: array([-5.,  0.,  0.,  0.,  0.,  0.,  0.])">def test_lambda_ext_implies_consistent_joint_torque():
        """The dynamics constraint M v̇ + bias = B u + J_v^T λ_ext must hold
        exactly. Verify the equality numerically."""
        inputs = _make_synthetic_qp_inputs(W_force=100.0)
        lam_des = np.array([-5.0, 0.0, 0.0])
        u_opt, vdot_opt, success, result_str, lam_ext_opt = build_and_solve_qp(
            **inputs,
            use_force_tracking=True,
            lambda_des=lam_des,
        )
        assert success, result_str
        lhs = inputs["M"] @ vdot_opt + inputs["bias"]
        rhs = inputs["B"] @ u_opt + inputs["J_v"].T @ lam_ext_opt
&gt;       np.testing.assert_allclose(lhs, rhs, atol=1e-4)
E       AssertionError:
E       Not equal to tolerance rtol=1e-07, atol=0.0001
E
E       Mismatched elements: 1 / 7 (14.3%)
E       Max absolute difference among violations: 5.
E       Max relative difference among violations: 1.
E        ACTUAL: array([0., 0., 0., 0., 0., 0., 0.])
E        DESIRED: array([-5.,  0.,  0.,  0.,  0.,  0.,  0.])

tests/test_osc_force_tracking.py:85: AssertionError</failure></testcase><testcase classname="tests.test_osc_force_tracking" name="test_force_tracking_off_falls_back_to_legacy_path" time="0.001" /><testcase classname="tests.test_osc_joint2_posture" name="test_joint2_posture_pulls_toward_target" time="0.001" /><testcase classname="tests.test_osc_joint2_posture" name="test_joint2_posture_off_when_weight_zero" time="0.000" /><testcase classname="tests.test_osc_rot_task" name="test_rot_task_default_on_reference_gains" time="0.004" /><testcase classname="tests.test_osc_rot_task" name="test_rotation_error_exact_angle_axis_90deg" time="0.000" /><testcase classname="tests.test_osc_rot_task" name="test_rotation_error_zero_at_identity" time="0.000" /><testcase classname="tests.test_osc_rot_task" name="test_rotation_error_large_angle_no_degeneracy" time="0.000" /><testcase classname="tests.test_osc_rot_task" name="test_rotation_error_world_frame_convention" time="0.000" /><testcase classname="tests.test_osc_rot_task" name="test_rotation_hold_target_is_constant_identity" time="0.004" /><testcase classname="tests.test_osc_tracking" name="test_single_step_closes_error" time="0.168"><error message="failed on setup with &quot;RuntimeError: Meshcat failed to open a websocket port.&quot;">@pytest.fixture(scope="module")
    def osc_env():
        with open(os.path.join(REPO_ROOT, "config/tasks.yaml")) as f:
            task = yaml.safe_load(f)["tasks"]["pushing"]
&gt;       diagram, plant, panda_model, _, _, _, _, _ = build_environment(task)

tests/test_osc_tracking.py:44:
_ _ _ _ _ _ _ _ _ _ _ _ _ _ _ _ _ _ _ _ _ _ _ _ _ _ _ _ _ _ _ _ _ _ _ _ _ _ _ _
sim/env_builder.py:822: in build_environment
    meshcat = ad.StartMeshcat()
_ _ _ _ _ _ _ _ _ _ _ _ _ _ _ _ _ _ _ _ _ _ _ _ _ _ _ _ _ _ _ _ _ _ _ _ _ _ _ _

    def StartMeshcat():
        """
        Constructs a Meshcat instance, with extra support for Deepnote.

        On most platforms, this function is equivalent to simply constructing a
        ``pydrake.geometry.Meshcat`` object with default arguments.

        On Deepnote, however, this does extra work to expose Meshcat to the public
        internet by setting up a reverse proxy for the single available network
        port. To access it, you must enable "Allow incoming connections" in the
        Environment settings pane.
        """
        if "DEEPNOTE_PROJECT_ID" in os.environ:
            return _start_meshcat_deepnote()
&gt;       return Meshcat()
E       RuntimeError: Meshcat failed to open a websocket port.

../miniconda3/envs/push_anything_ADMM/lib/python3.10/site-packages/pydrake/geometry/_geometry_extra.py:71: RuntimeError</error></testcase><testcase classname="tests.test_osc_tracking" name="test_no_qp_failure_across_error_range[0.001]" time="0.000"><error message="failed on setup with &quot;RuntimeError: Meshcat failed to open a websocket port.&quot;">@pytest.fixture(scope="module")
    def osc_env():
        with open(os.path.join(REPO_ROOT, "config/tasks.yaml")) as f:
            task = yaml.safe_load(f)["tasks"]["pushing"]
&gt;       diagram, plant, panda_model, _, _, _, _, _ = build_environment(task)

tests/test_osc_tracking.py:44:
_ _ _ _ _ _ _ _ _ _ _ _ _ _ _ _ _ _ _ _ _ _ _ _ _ _ _ _ _ _ _ _ _ _ _ _ _ _ _ _
sim/env_builder.py:822: in build_environment
    meshcat = ad.StartMeshcat()
_ _ _ _ _ _ _ _ _ _ _ _ _ _ _ _ _ _ _ _ _ _ _ _ _ _ _ _ _ _ _ _ _ _ _ _ _ _ _ _

    def StartMeshcat():
        """
        Constructs a Meshcat instance, with extra support for Deepnote.

        On most platforms, this function is equivalent to simply constructing a
        ``pydrake.geometry.Meshcat`` object with default arguments.

        On Deepnote, however, this does extra work to expose Meshcat to the public
        internet by setting up a reverse proxy for the single available network
        port. To access it, you must enable "Allow incoming connections" in the
        Environment settings pane.
        """
        if "DEEPNOTE_PROJECT_ID" in os.environ:
            return _start_meshcat_deepnote()
&gt;       return Meshcat()
E       RuntimeError: Meshcat failed to open a websocket port.

../miniconda3/envs/push_anything_ADMM/lib/python3.10/site-packages/pydrake/geometry/_geometry_extra.py:71: RuntimeError</error></testcase><testcase classname="tests.test_osc_tracking" name="test_no_qp_failure_across_error_range[0.005]" time="0.000"><error message="failed on setup with &quot;RuntimeError: Meshcat failed to open a websocket port.&quot;">@pytest.fixture(scope="module")
    def osc_env():
        with open(os.path.join(REPO_ROOT, "config/tasks.yaml")) as f:
            task = yaml.safe_load(f)["tasks"]["pushing"]
&gt;       diagram, plant, panda_model, _, _, _, _, _ = build_environment(task)

tests/test_osc_tracking.py:44:
_ _ _ _ _ _ _ _ _ _ _ _ _ _ _ _ _ _ _ _ _ _ _ _ _ _ _ _ _ _ _ _ _ _ _ _ _ _ _ _
sim/env_builder.py:822: in build_environment
    meshcat = ad.StartMeshcat()
_ _ _ _ _ _ _ _ _ _ _ _ _ _ _ _ _ _ _ _ _ _ _ _ _ _ _ _ _ _ _ _ _ _ _ _ _ _ _ _

    def StartMeshcat():
        """
        Constructs a Meshcat instance, with extra support for Deepnote.

        On most platforms, this function is equivalent to simply constructing a
        ``pydrake.geometry.Meshcat`` object with default arguments.

        On Deepnote, however, this does extra work to expose Meshcat to the public
        internet by setting up a reverse proxy for the single available network
        port. To access it, you must enable "Allow incoming connections" in the
        Environment settings pane.
        """
        if "DEEPNOTE_PROJECT_ID" in os.environ:
            return _start_meshcat_deepnote()
&gt;       return Meshcat()
E       RuntimeError: Meshcat failed to open a websocket port.

../miniconda3/envs/push_anything_ADMM/lib/python3.10/site-packages/pydrake/geometry/_geometry_extra.py:71: RuntimeError</error></testcase><testcase classname="tests.test_osc_tracking" name="test_no_qp_failure_across_error_range[0.01]" time="0.000"><error message="failed on setup with &quot;RuntimeError: Meshcat failed to open a websocket port.&quot;">@pytest.fixture(scope="module")
    def osc_env():
        with open(os.path.join(REPO_ROOT, "config/tasks.yaml")) as f:
            task = yaml.safe_load(f)["tasks"]["pushing"]
&gt;       diagram, plant, panda_model, _, _, _, _, _ = build_environment(task)

tests/test_osc_tracking.py:44:
_ _ _ _ _ _ _ _ _ _ _ _ _ _ _ _ _ _ _ _ _ _ _ _ _ _ _ _ _ _ _ _ _ _ _ _ _ _ _ _
sim/env_builder.py:822: in build_environment
    meshcat = ad.StartMeshcat()
_ _ _ _ _ _ _ _ _ _ _ _ _ _ _ _ _ _ _ _ _ _ _ _ _ _ _ _ _ _ _ _ _ _ _ _ _ _ _ _

    def StartMeshcat():
        """
        Constructs a Meshcat instance, with extra support for Deepnote.

        On most platforms, this function is equivalent to simply constructing a
        ``pydrake.geometry.Meshcat`` object with default arguments.

        On Deepnote, however, this does extra work to expose Meshcat to the public
        internet by setting up a reverse proxy for the single available network
        port. To access it, you must enable "Allow incoming connections" in the
        Environment settings pane.
        """
        if "DEEPNOTE_PROJECT_ID" in os.environ:
            return _start_meshcat_deepnote()
&gt;       return Meshcat()
E       RuntimeError: Meshcat failed to open a websocket port.

../miniconda3/envs/push_anything_ADMM/lib/python3.10/site-packages/pydrake/geometry/_geometry_extra.py:71: RuntimeError</error></testcase><testcase classname="tests.test_osc_tracking" name="test_no_qp_failure_across_error_range[0.05]" time="0.000"><error message="failed on setup with &quot;RuntimeError: Meshcat failed to open a websocket port.&quot;">@pytest.fixture(scope="module")
    def osc_env():
        with open(os.path.join(REPO_ROOT, "config/tasks.yaml")) as f:
            task = yaml.safe_load(f)["tasks"]["pushing"]
&gt;       diagram, plant, panda_model, _, _, _, _, _ = build_environment(task)

tests/test_osc_tracking.py:44:
_ _ _ _ _ _ _ _ _ _ _ _ _ _ _ _ _ _ _ _ _ _ _ _ _ _ _ _ _ _ _ _ _ _ _ _ _ _ _ _
sim/env_builder.py:822: in build_environment
    meshcat = ad.StartMeshcat()
_ _ _ _ _ _ _ _ _ _ _ _ _ _ _ _ _ _ _ _ _ _ _ _ _ _ _ _ _ _ _ _ _ _ _ _ _ _ _ _

    def StartMeshcat():
        """
        Constructs a Meshcat instance, with extra support for Deepnote.

        On most platforms, this function is equivalent to simply constructing a
        ``pydrake.geometry.Meshcat`` object with default arguments.

        On Deepnote, however, this does extra work to expose Meshcat to the public
        internet by setting up a reverse proxy for the single available network
        port. To access it, you must enable "Allow incoming connections" in the
        Environment settings pane.
        """
        if "DEEPNOTE_PROJECT_ID" in os.environ:
            return _start_meshcat_deepnote()
&gt;       return Meshcat()
E       RuntimeError: Meshcat failed to open a websocket port.

../miniconda3/envs/push_anything_ADMM/lib/python3.10/site-packages/pydrake/geometry/_geometry_extra.py:71: RuntimeError</error></testcase><testcase classname="tests.test_osc_tracking" name="test_no_qp_failure_across_error_range[0.1]" time="0.000"><error message="failed on setup with &quot;RuntimeError: Meshcat failed to open a websocket port.&quot;">@pytest.fixture(scope="module")
    def osc_env():
        with open(os.path.join(REPO_ROOT, "config/tasks.yaml")) as f:
            task = yaml.safe_load(f)["tasks"]["pushing"]
&gt;       diagram, plant, panda_model, _, _, _, _, _ = build_environment(task)

tests/test_osc_tracking.py:44:
_ _ _ _ _ _ _ _ _ _ _ _ _ _ _ _ _ _ _ _ _ _ _ _ _ _ _ _ _ _ _ _ _ _ _ _ _ _ _ _
sim/env_builder.py:822: in build_environment
    meshcat = ad.StartMeshcat()
_ _ _ _ _ _ _ _ _ _ _ _ _ _ _ _ _ _ _ _ _ _ _ _ _ _ _ _ _ _ _ _ _ _ _ _ _ _ _ _

    def StartMeshcat():
        """
        Constructs a Meshcat instance, with extra support for Deepnote.

        On most platforms, this function is equivalent to simply constructing a
        ``pydrake.geometry.Meshcat`` object with default arguments.

        On Deepnote, however, this does extra work to expose Meshcat to the public
        internet by setting up a reverse proxy for the single available network
        port. To access it, you must enable "Allow incoming connections" in the
        Environment settings pane.
        """
        if "DEEPNOTE_PROJECT_ID" in os.environ:
            return _start_meshcat_deepnote()
&gt;       return Meshcat()
E       RuntimeError: Meshcat failed to open a websocket port.

../miniconda3/envs/push_anything_ADMM/lib/python3.10/site-packages/pydrake/geometry/_geometry_extra.py:71: RuntimeError</error></testcase><testcase classname="tests.test_osc_tracking" name="test_no_qp_failure_across_error_range[0.5]" time="0.000"><error message="failed on setup with &quot;RuntimeError: Meshcat failed to open a websocket port.&quot;">@pytest.fixture(scope="module")
    def osc_env():
        with open(os.path.join(REPO_ROOT, "config/tasks.yaml")) as f:
            task = yaml.safe_load(f)["tasks"]["pushing"]
&gt;       diagram, plant, panda_model, _, _, _, _, _ = build_environment(task)

tests/test_osc_tracking.py:44:
_ _ _ _ _ _ _ _ _ _ _ _ _ _ _ _ _ _ _ _ _ _ _ _ _ _ _ _ _ _ _ _ _ _ _ _ _ _ _ _
sim/env_builder.py:822: in build_environment
    meshcat = ad.StartMeshcat()
_ _ _ _ _ _ _ _ _ _ _ _ _ _ _ _ _ _ _ _ _ _ _ _ _ _ _ _ _ _ _ _ _ _ _ _ _ _ _ _

    def StartMeshcat():
        """
        Constructs a Meshcat instance, with extra support for Deepnote.

        On most platforms, this function is equivalent to simply constructing a
        ``pydrake.geometry.Meshcat`` object with default arguments.

        On Deepnote, however, this does extra work to expose Meshcat to the public
        internet by setting up a reverse proxy for the single available network
        port. To access it, you must enable "Allow incoming connections" in the
        Environment settings pane.
        """
        if "DEEPNOTE_PROJECT_ID" in os.environ:
            return _start_meshcat_deepnote()
&gt;       return Meshcat()
E       RuntimeError: Meshcat failed to open a websocket port.

../miniconda3/envs/push_anything_ADMM/lib/python3.10/site-packages/pydrake/geometry/_geometry_extra.py:71: RuntimeError</error></testcase><testcase classname="tests.test_osc_tracking" name="test_torque_limits_respected" time="0.000"><error message="failed on setup with &quot;RuntimeError: Meshcat failed to open a websocket port.&quot;">@pytest.fixture(scope="module")
    def osc_env():
        with open(os.path.join(REPO_ROOT, "config/tasks.yaml")) as f:
            task = yaml.safe_load(f)["tasks"]["pushing"]
&gt;       diagram, plant, panda_model, _, _, _, _, _ = build_environment(task)

tests/test_osc_tracking.py:44:
_ _ _ _ _ _ _ _ _ _ _ _ _ _ _ _ _ _ _ _ _ _ _ _ _ _ _ _ _ _ _ _ _ _ _ _ _ _ _ _
sim/env_builder.py:822: in build_environment
    meshcat = ad.StartMeshcat()
_ _ _ _ _ _ _ _ _ _ _ _ _ _ _ _ _ _ _ _ _ _ _ _ _ _ _ _ _ _ _ _ _ _ _ _ _ _ _ _

    def StartMeshcat():
        """
        Constructs a Meshcat instance, with extra support for Deepnote.

        On most platforms, this function is equivalent to simply constructing a
        ``pydrake.geometry.Meshcat`` object with default arguments.

        On Deepnote, however, this does extra work to expose Meshcat to the public
        internet by setting up a reverse proxy for the single available network
        port. To access it, you must enable "Allow incoming connections" in the
        Environment settings pane.
        """
        if "DEEPNOTE_PROJECT_ID" in os.environ:
            return _start_meshcat_deepnote()
&gt;       return Meshcat()
E       RuntimeError: Meshcat failed to open a websocket port.

../miniconda3/envs/push_anything_ADMM/lib/python3.10/site-packages/pydrake/geometry/_geometry_extra.py:71: RuntimeError</error></testcase><testcase classname="tests.test_osc_trajectory_interface" name="test_trajectory_interface_delegates_to_compute_torque" time="0.004" /><testcase classname="tests.test_osc_trajectory_interface" name="test_trajectory_interface_forwards_all_optional_args" time="0.005" /><testcase classname="tests.test_osc_unit" name="test_identity_no_contact" time="0.180"><error message="failed on setup with &quot;RuntimeError: Meshcat failed to open a websocket port.&quot;">@pytest.fixture(scope="module")
    def osc_env():
        """Build the Franka + box environment once for the test module."""
        with open(os.path.join(REPO_ROOT, "config/tasks.yaml")) as f:
            task = yaml.safe_load(f)["tasks"]["pushing"]
&gt;       diagram, plant, panda_model, _, _, _, _, _ = build_environment(task)

tests/test_osc_unit.py:47:
_ _ _ _ _ _ _ _ _ _ _ _ _ _ _ _ _ _ _ _ _ _ _ _ _ _ _ _ _ _ _ _ _ _ _ _ _ _ _ _
sim/env_builder.py:822: in build_environment
    meshcat = ad.StartMeshcat()
_ _ _ _ _ _ _ _ _ _ _ _ _ _ _ _ _ _ _ _ _ _ _ _ _ _ _ _ _ _ _ _ _ _ _ _ _ _ _ _

    def StartMeshcat():
        """
        Constructs a Meshcat instance, with extra support for Deepnote.

        On most platforms, this function is equivalent to simply constructing a
        ``pydrake.geometry.Meshcat`` object with default arguments.

        On Deepnote, however, this does extra work to expose Meshcat to the public
        internet by setting up a reverse proxy for the single available network
        port. To access it, you must enable "Allow incoming connections" in the
        Environment settings pane.
        """
        if "DEEPNOTE_PROJECT_ID" in os.environ:
            return _start_meshcat_deepnote()
&gt;       return Meshcat()
E       RuntimeError: Meshcat failed to open a websocket port.

../miniconda3/envs/push_anything_ADMM/lib/python3.10/site-packages/pydrake/geometry/_geometry_extra.py:71: RuntimeError</error></testcase><testcase classname="tests.test_osc_unit" name="test_gravity_compensation" time="0.000"><error message="failed on setup with &quot;RuntimeError: Meshcat failed to open a websocket port.&quot;">@pytest.fixture(scope="module")
    def osc_env():
        """Build the Franka + box environment once for the test module."""
        with open(os.path.join(REPO_ROOT, "config/tasks.yaml")) as f:
            task = yaml.safe_load(f)["tasks"]["pushing"]
&gt;       diagram, plant, panda_model, _, _, _, _, _ = build_environment(task)

tests/test_osc_unit.py:47:
_ _ _ _ _ _ _ _ _ _ _ _ _ _ _ _ _ _ _ _ _ _ _ _ _ _ _ _ _ _ _ _ _ _ _ _ _ _ _ _
sim/env_builder.py:822: in build_environment
    meshcat = ad.StartMeshcat()
_ _ _ _ _ _ _ _ _ _ _ _ _ _ _ _ _ _ _ _ _ _ _ _ _ _ _ _ _ _ _ _ _ _ _ _ _ _ _ _

    def StartMeshcat():
        """
        Constructs a Meshcat instance, with extra support for Deepnote.

        On most platforms, this function is equivalent to simply constructing a
        ``pydrake.geometry.Meshcat`` object with default arguments.

        On Deepnote, however, this does extra work to expose Meshcat to the public
        internet by setting up a reverse proxy for the single available network
        port. To access it, you must enable "Allow incoming connections" in the
        Environment settings pane.
        """
        if "DEEPNOTE_PROJECT_ID" in os.environ:
            return _start_meshcat_deepnote()
&gt;       return Meshcat()
E       RuntimeError: Meshcat failed to open a websocket port.

../miniconda3/envs/push_anything_ADMM/lib/python3.10/site-packages/pydrake/geometry/_geometry_extra.py:71: RuntimeError</error></testcase><testcase classname="tests.test_osc_unit" name="test_tracking_force_direction" time="0.000"><error message="failed on setup with &quot;RuntimeError: Meshcat failed to open a websocket port.&quot;">@pytest.fixture(scope="module")
    def osc_env():
        """Build the Franka + box environment once for the test module."""
        with open(os.path.join(REPO_ROOT, "config/tasks.yaml")) as f:
            task = yaml.safe_load(f)["tasks"]["pushing"]
&gt;       diagram, plant, panda_model, _, _, _, _, _ = build_environment(task)

tests/test_osc_unit.py:47:
_ _ _ _ _ _ _ _ _ _ _ _ _ _ _ _ _ _ _ _ _ _ _ _ _ _ _ _ _ _ _ _ _ _ _ _ _ _ _ _
sim/env_builder.py:822: in build_environment
    meshcat = ad.StartMeshcat()
_ _ _ _ _ _ _ _ _ _ _ _ _ _ _ _ _ _ _ _ _ _ _ _ _ _ _ _ _ _ _ _ _ _ _ _ _ _ _ _

    def StartMeshcat():
        """
        Constructs a Meshcat instance, with extra support for Deepnote.

        On most platforms, this function is equivalent to simply constructing a
        ``pydrake.geometry.Meshcat`` object with default arguments.

        On Deepnote, however, this does extra work to expose Meshcat to the public
        internet by setting up a reverse proxy for the single available network
        port. To access it, you must enable "Allow incoming connections" in the
        Environment settings pane.
        """
        if "DEEPNOTE_PROJECT_ID" in os.environ:
            return _start_meshcat_deepnote()
&gt;       return Meshcat()
E       RuntimeError: Meshcat failed to open a websocket port.

../miniconda3/envs/push_anything_ADMM/lib/python3.10/site-packages/pydrake/geometry/_geometry_extra.py:71: RuntimeError</error></testcase><testcase classname="tests.test_osc_unit" name="test_saturation_graceful" time="0.000"><error message="failed on setup with &quot;RuntimeError: Meshcat failed to open a websocket port.&quot;">@pytest.fixture(scope="module")
    def osc_env():
        """Build the Franka + box environment once for the test module."""
        with open(os.path.join(REPO_ROOT, "config/tasks.yaml")) as f:
            task = yaml.safe_load(f)["tasks"]["pushing"]
&gt;       diagram, plant, panda_model, _, _, _, _, _ = build_environment(task)

tests/test_osc_unit.py:47:
_ _ _ _ _ _ _ _ _ _ _ _ _ _ _ _ _ _ _ _ _ _ _ _ _ _ _ _ _ _ _ _ _ _ _ _ _ _ _ _
sim/env_builder.py:822: in build_environment
    meshcat = ad.StartMeshcat()
_ _ _ _ _ _ _ _ _ _ _ _ _ _ _ _ _ _ _ _ _ _ _ _ _ _ _ _ _ _ _ _ _ _ _ _ _ _ _ _

    def StartMeshcat():
        """
        Constructs a Meshcat instance, with extra support for Deepnote.

        On most platforms, this function is equivalent to simply constructing a
        ``pydrake.geometry.Meshcat`` object with default arguments.

        On Deepnote, however, this does extra work to expose Meshcat to the public
        internet by setting up a reverse proxy for the single available network
        port. To access it, you must enable "Allow incoming connections" in the
        Environment settings pane.
        """
        if "DEEPNOTE_PROJECT_ID" in os.environ:
            return _start_meshcat_deepnote()
&gt;       return Meshcat()
E       RuntimeError: Meshcat failed to open a websocket port.

../miniconda3/envs/push_anything_ADMM/lib/python3.10/site-packages/pydrake/geometry/_geometry_extra.py:71: RuntimeError</error></testcase><testcase classname="tests.test_osc_unit" name="test_contact_feedforward_directions" time="0.000"><error message="failed on setup with &quot;RuntimeError: Meshcat failed to open a websocket port.&quot;">@pytest.fixture(scope="module")
    def osc_env():
        """Build the Franka + box environment once for the test module."""
        with open(os.path.join(REPO_ROOT, "config/tasks.yaml")) as f:
            task = yaml.safe_load(f)["tasks"]["pushing"]
&gt;       diagram, plant, panda_model, _, _, _, _, _ = build_environment(task)

tests/test_osc_unit.py:47:
_ _ _ _ _ _ _ _ _ _ _ _ _ _ _ _ _ _ _ _ _ _ _ _ _ _ _ _ _ _ _ _ _ _ _ _ _ _ _ _
sim/env_builder.py:822: in build_environment
    meshcat = ad.StartMeshcat()
_ _ _ _ _ _ _ _ _ _ _ _ _ _ _ _ _ _ _ _ _ _ _ _ _ _ _ _ _ _ _ _ _ _ _ _ _ _ _ _

    def StartMeshcat():
        """
        Constructs a Meshcat instance, with extra support for Deepnote.

        On most platforms, this function is equivalent to simply constructing a
        ``pydrake.geometry.Meshcat`` object with default arguments.

        On Deepnote, however, this does extra work to expose Meshcat to the public
        internet by setting up a reverse proxy for the single available network
        port. To access it, you must enable "Allow incoming connections" in the
        Environment settings pane.
        """
        if "DEEPNOTE_PROJECT_ID" in os.environ:
            return _start_meshcat_deepnote()
&gt;       return Meshcat()
E       RuntimeError: Meshcat failed to open a websocket port.

../miniconda3/envs/push_anything_ADMM/lib/python3.10/site-packages/pydrake/geometry/_geometry_extra.py:71: RuntimeError</error></testcase><testcase classname="tests.test_perimeter_sample_clearance" name="test_perimeter_samples_clear_projection_gate" time="0.001" /><testcase classname="tests.test_planner_workspace_bounds" name="test_unbounded_plan_crosses_the_limit" time="0.006" /><testcase classname="tests.test_planner_workspace_bounds" name="test_bounded_plan_respects_position_limit" time="0.016"><failure message="AssertionError: knot 6: pos 0.1500 &gt; bound&#10;assert np.float64(0.15002550673505122) &lt;= (0.15 + 1e-06)">def test_bounded_plan_respects_position_limit():
        """With a state bound pos ∈ [-0.1, 0.15], every knot (incl. terminal)
        stays within the bound (QP-feasible tolerance)."""
        x_seq = _solve([(0, -0.1, 0.15)])
        for k, x in enumerate(x_seq):
&gt;           assert x[0] &lt;= 0.15 + 1e-6, f"knot {k}: pos {x[0]:.4f} &gt; bound"
E           AssertionError: knot 6: pos 0.1500 &gt; bound
E           assert np.float64(0.15002550673505122) &lt;= (0.15 + 1e-06)

tests/test_planner_workspace_bounds.py:64: AssertionError</failure></testcase><testcase classname="tests.test_planner_workspace_bounds" name="test_bounds_select_ee_and_object_position_slots" time="0.000" /><testcase classname="tests.test_planner_workspace_bounds" name="test_spawn_state_feasible_under_own_bounds" time="0.000" /><testcase classname="tests.test_planner_workspace_bounds" name="test_infeasible_qp_is_counted_and_surfaced" time="0.003" /><testcase classname="tests.test_progress" name="test_no_updates_yet_returns_progressing" time="0.000" /><testcase classname="tests.test_progress" name="test_single_update_keeps_progressing" time="0.000" /><testcase classname="tests.test_progress" name="test_kC3Cost_progress_when_decreasing" time="0.000" /><testcase classname="tests.test_progress" name="test_kC3Cost_timeout_after_no_improvement" time="0.000"><failure message="assert True is False&#10; +  where True = met_progress(near_goal=False)&#10; +    where met_progress = &lt;control.sampling_c3.progress.ProgressTracker object at 0x725ef126b6a0&gt;.met_progress">def test_kC3Cost_timeout_after_no_improvement():
        t = ProgressTracker(_params(track_c3_progress_via=ProgressMetric.kC3Cost,
                                    num_control_loops_to_wait=3))
        t.update(_step(c3=100.0))   # initial best
        # 4 consecutive non-improvements → counter = 4 ≥ wait=3 → timeout
        for _ in range(4):
            t.update(_step(c3=200.0))
&gt;       assert t.met_progress(near_goal=False) is False
E       assert True is False
E        +  where True = met_progress(near_goal=False)
E        +    where met_progress = &lt;control.sampling_c3.progress.ProgressTracker object at 0x725ef126b6a0&gt;.met_progress

tests/test_progress.py:55: AssertionError</failure></testcase><testcase classname="tests.test_progress" name="test_improvement_resets_the_counter" time="0.000"><failure message="assert True is False&#10; +  where True = met_progress(near_goal=False)&#10; +    where met_progress = &lt;control.sampling_c3.progress.ProgressTracker object at 0x725ef102c8e0&gt;.met_progress">def test_improvement_resets_the_counter():
        t = ProgressTracker(_params(track_c3_progress_via=ProgressMetric.kC3Cost,
                                    num_control_loops_to_wait=3))
        t.update(_step(c3=100.0))
        for _ in range(5):
            t.update(_step(c3=200.0))
&gt;       assert t.met_progress(near_goal=False) is False
E       assert True is False
E        +  where True = met_progress(near_goal=False)
E        +    where met_progress = &lt;control.sampling_c3.progress.ProgressTracker object at 0x725ef102c8e0&gt;.met_progress

tests/test_progress.py:64: AssertionError</failure></testcase><testcase classname="tests.test_progress" name="test_kPosOrRotCost_either_metric_keeps_progressing" time="0.000" /><testcase classname="tests.test_progress" name="test_kPosOrRotCost_timeout_when_both_stagnate" time="0.000"><failure message="assert True is False&#10; +  where True = met_progress(near_goal=False)&#10; +    where met_progress = &lt;control.sampling_c3.progress.ProgressTracker object at 0x725ef1281ba0&gt;.met_progress">def test_kPosOrRotCost_timeout_when_both_stagnate():
        t = ProgressTracker(_params(track_c3_progress_via=ProgressMetric.kPosOrRotCost,
                                    num_control_loops_to_wait=3))
        t.update(_step(pos=0.30, rot=0.10))
        for _ in range(4):
            t.update(_step(pos=0.40, rot=0.20))   # both worse
&gt;       assert t.met_progress(near_goal=False) is False
E       assert True is False
E        +  where True = met_progress(near_goal=False)
E        +    where met_progress = &lt;control.sampling_c3.progress.ProgressTracker object at 0x725ef1281ba0&gt;.met_progress

tests/test_progress.py:90: AssertionError</failure></testcase><testcase classname="tests.test_progress" name="test_near_goal_uses_position_wait_length" time="0.000"><failure message="assert True is False&#10; +  where True = met_progress(near_goal=True)&#10; +    where met_progress = &lt;control.sampling_c3.progress.ProgressTracker object at 0x725ef102db40&gt;.met_progress">def test_near_goal_uses_position_wait_length():
        """When near_goal=True, num_control_loops_to_wait_position applies."""
        t = ProgressTracker(_params(
            track_c3_progress_via=ProgressMetric.kPosOrRotCost,
            num_control_loops_to_wait=10,
            num_control_loops_to_wait_position=2,
        ))
        t.update(_step(pos=0.10))
        # 3 stalls &gt; position-wait=2 BUT &lt; normal-wait=10
        for _ in range(3):
            t.update(_step(pos=0.20))
&gt;       assert t.met_progress(near_goal=True)  is False
E       assert True is False
E        +  where True = met_progress(near_goal=True)
E        +    where met_progress = &lt;control.sampling_c3.progress.ProgressTracker object at 0x725ef102db40&gt;.met_progress

tests/test_progress.py:108: AssertionError</failure></testcase><testcase classname="tests.test_progress" name="test_kConfigCostDrop_progress_if_drop_meets_threshold" time="0.000" /><testcase classname="tests.test_progress" name="test_kConfigCostDrop_timeout_if_drop_below_threshold" time="0.000"><failure message="assert True is False&#10; +  where True = met_progress(near_goal=False)&#10; +    where met_progress = &lt;control.sampling_c3.progress.ProgressTracker object at 0x725ef105f7c0&gt;.met_progress">def test_kConfigCostDrop_timeout_if_drop_below_threshold():
        t = ProgressTracker(_params(
            track_c3_progress_via=ProgressMetric.kConfigCostDrop,
            progress_enforced_over_n_loops=3,
            progress_enforced_cost_drop=10.0,
        ))
        # drop only 2 over the window
        for c in [100.0, 99.5, 99.0, 98.0]:
            t.update(_step(cfg=c))
&gt;       assert t.met_progress(near_goal=False) is False
E       assert True is False
E        +  where True = met_progress(near_goal=False)
E        +    where met_progress = &lt;control.sampling_c3.progress.ProgressTracker object at 0x725ef105f7c0&gt;.met_progress

[...]
"0.000" /><testcase classname="tests.test_reposition_trajectory" name="test_eval_at_start_returns_start_point" time="0.000" /><testcase classname="tests.test_reposition_trajectory" name="test_eval_past_end_returns_target_and_done" time="0.000" /><testcase classname="tests.test_reposition_trajectory" name="test_eval_velocity_magnitude_equals_speed_on_each_leg" time="0.000" /><testcase classname="tests.test_reposition_trajectory" name="test_eval_position_continuous_at_knots" time="0.000" /><testcase classname="tests.test_reposition_trajectory" name="test_short_hop_under_threshold_uses_direct_line" time="0.000" /><testcase classname="tests.test_reposition_trajectory" name="test_finished_predicate_requires_both_time_and_ee_near_target" time="0.000" /><testcase classname="tests.test_reposition_trajectory" name="test_kik_yaml_pwl_speed_matches_reference_push_t" time="0.010" /><testcase classname="tests.test_reposition_trajectory_degenerate" name="test_degenerate_identical_start_target_eval_at_t_start" time="0.000" /><testcase classname="tests.test_reposition_trajectory_degenerate" name="test_degenerate_near_identical_skip_lift_branch" time="0.000" /><testcase classname="tests.test_reposition_trajectory_degenerate" name="test_normal_trajectory_velocity_unchanged" time="0.000" /><testcase classname="tests.test_sample_buffer" name="test_quat_angle_identity_is_zero" time="0.000" /><testcase classname="tests.test_sample_buffer" name="test_quat_angle_handles_double_cover" time="0.000" /><testcase classname="tests.test_sample_buffer" name="test_quat_angle_90deg_about_z" time="0.000" /><testcase classname="tests.test_sample_buffer" name="test_quat_angle_with_none_returns_zero" time="0.000" /><testcase classname="tests.test_sample_buffer" name="test_empty_buffer_has_no_best" time="0.000" /><testcase classname="tests.test_sample_buffer" name="test_append_increases_length" time="0.000" /><testcase classname="tests.test_sample_buffer" name="test_capacity_evicts_oldest_first" time="0.000" /><testcase classname="tests.test_sample_buffer" name="test_best_returns_lowest_cost" time="0.000" /><testcase classname="tests.test_sample_buffer" name="test_clear_empties_buffer" time="0.000" /><testcase classname="tests.test_sample_buffer" name="test_prune_no_op_when_object_static" time="0.000" /><testcase classname="tests.test_sample_buffer" name="test_prune_drops_stale_pos_entries" time="0.000" /><testcase classname="tests.test_sample_buffer" name="test_prune_threshold_inclusive_boundary" time="0.000" /><testcase classname="tests.test_sample_buffer" name="test_prune_drops_stale_ang_entries" time="0.000" /><testcase classname="tests.test_sample_buffer" name="test_prune_skips_ang_check_if_either_quat_missing" time="0.000" /><testcase classname="tests.test_sample_buffer" name="test_tick_age_increments_all" time="0.000" /><testcase classname="tests.test_sample_buffer" name="test_iter_yields_all_entries_in_order" time="0.000" /><testcase classname="tests.test_sample_buffer" name="test_remove_best_entry_by_identity" time="0.000" /><testcase classname="tests.test_sample_buffer" name="test_remove_absent_entry_returns_false_and_keeps_buffer" time="0.000" /><testcase classname="tests.test_sample_buffer" name="test_remove_from_empty_returns_false" time="0.000" /><testcase classname="tests.test_sampling_c3_params" name="test_defaults_match_seed_values" time="0.000"><failure message="AttributeError: 'ProgressParams' object has no attribute 'num_control_loops_to_wait'. Did you mean: 'num_control_loops_to_wait_s'?">def test_defaults_match_seed_values():
        """Constructed-with-defaults dataclass must match the seed values
        promised in the prompt."""
        p = ProgressParams()
        assert p.track_c3_progress_via                == ProgressMetric.kPosOrRotCost
&gt;       assert p.num_control_loops_to_wait            == 60
E       AttributeError: 'ProgressParams' object has no attribute 'num_control_loops_to_wait'. Did you mean: 'num_control_loops_to_wait_s'?

tests/test_sampling_c3_params.py:37: AttributeError</failure></testcase><testcase classname="tests.test_sampling_c3_params" name="test_top_level_defaults" time="0.000" /><testcase classname="tests.test_sampling_c3_params" name="test_progress_metric_coercion[kPosOrRotCost-ProgressMetric.kPosOrRotCost]" time="0.000" /><testcase classname="tests.test_sampling_c3_params" name="test_progress_metric_coercion[kConfigCostDrop-ProgressMetric.kConfigCostDrop]" time="0.000" /><testcase classname="tests.test_sampling_c3_params" name="test_progress_metric_coercion[0-ProgressMetric.kC3Cost]" time="0.000" /><testcase classname="tests.test_sampling_c3_params" name="test_progress_metric_coercion[3-ProgressMetric.kConfigCostDrop0]" time="0.000" /><testcase classname="tests.test_sampling_c3_params" name="test_progress_metric_coercion[3-ProgressMetric.kConfigCostDrop1]" time="0.000" /><testcase classname="tests.test_sampling_c3_params" name="test_sampling_strategy_coercion[kRandomOnCircle-SamplingStrategy.kRandomOnCircle]" time="0.000" /><testcase classname="tests.test_sampling_c3_params" name="test_sampling_strategy_coercion[kFixed-SamplingStrategy.kFixed]" time="0.000" /><testcase classname="tests.test_sampling_c3_params" name="test_sampling_strategy_coercion[1-SamplingStrategy.kRandomOnCircle]" time="0.000" /><testcase classname="tests.test_sampling_c3_params" name="test_repos_traj_type_coercion[kPiecewiseLinear-RepositioningTrajectoryType.kPiecewiseLinear]" time="0.000" /><testcase classname="tests.test_sampling_c3_params" name="test_repos_traj_type_coercion[kSpherical-RepositioningTrajectoryType.kSpherical]" time="0.001" /><testcase classname="tests.test_sampling_c3_params" name="test_repos_traj_type_coercion[3-RepositioningTrajectoryType.kPiecewiseLinear]" time="0.001" /><testcase classname="tests.test_sampling_c3_params" name="test_unknown_enum_value_raises" time="0.000" /><testcase classname="tests.test_sampling_c3_params" name="test_default_yaml_loads" time="0.006"><failure message="assert &lt;ProgressMetric.kConfigCostDrop: 3&gt; == &lt;ProgressMetric.kPosOrRotCost: 2&gt;&#10; +  where &lt;ProgressMetric.kConfigCostDrop: 3&gt; = ProgressParams(track_c3_progress_via=&lt;ProgressMetric.kConfigCostDrop: 3&gt;, num_control_loops_to_wait_s=0.6, num_control...o_c3_frac=0.3, hyst_repos_to_c3_frac_position=0.5, hyst_repos_to_repos_frac=0.1, hyst_repos_to_repos_frac_position=0.1).track_c3_progress_via&#10; +    where ProgressParams(track_c3_progress_via=&lt;ProgressMetric.kConfigCostDrop: 3&gt;, num_control_loops_to_wait_s=0.6, num_control...o_c3_frac=0.3, hyst_repos_to_c3_frac_position=0.5, hyst_repos_to_repos_frac=0.1, hyst_repos_to_repos_frac_position=0.1) = SamplingC3Params(progress_params=ProgressParams(track_c3_progress_via=&lt;ProgressMetric.kConfigCostDrop: 3&gt;, num_control...e_velocity_feedforward=False, velocity_feedforward_alpha=0.5, velocity_feedforward_v_max=1.5, dt_osc=0.01, dt_mpc=0.01).progress_params&#10; +  and   &lt;ProgressMetric.kPosOrRotCost: 2&gt; = ProgressMetric.kPosOrRotCost">def test_default_yaml_loads():
        """The shipped config/sampling_c3_params.yaml must load and reflect
        the on-disk values. Update this test when the YAML is intentionally
        re-tuned so re-tunings can't pass silently."""
        assert DEFAULT_YAML.exists(), f"missing {DEFAULT_YAML}"
        p = SamplingC3Params.from_yaml(DEFAULT_YAML)

        assert p.w_align == 30000.0
        assert p.w_travel == 200.0
&gt;       assert p.progress_params.track_c3_progress_via == ProgressMetric.kPosOrRotCost
E       assert &lt;ProgressMetric.kConfigCostDrop: 3&gt; == &lt;ProgressMetric.kPosOrRotCost: 2&gt;
E        +  where &lt;ProgressMetric.kConfigCostDrop: 3&gt; = ProgressParams(track_c3_progress_via=&lt;ProgressMetric.kConfigCostDrop: 3&gt;, num_control_loops_to_wait_s=0.6, num_control...o_c3_frac=0.3, hyst_repos_to_c3_frac_position=0.5, hyst_repos_to_repos_frac=0.1, hyst_repos_to_repos_frac_position=0.1).track_c3_progress_via
E        +    where ProgressParams(track_c3_progress_via=&lt;ProgressMetric.kConfigCostDrop: 3&gt;, num_control_loops_to_wait_s=0.6, num_control...o_c3_frac=0.3, hyst_repos_to_c3_frac_position=0.5, hyst_repos_to_repos_frac=0.1, hyst_repos_to_repos_frac_position=0.1) = SamplingC3Params(progress_params=ProgressParams(track_c3_progress_via=&lt;ProgressMetric.kConfigCostDrop: 3&gt;, num_control...e_velocity_feedforward=False, velocity_feedforward_alpha=0.5, velocity_feedforward_v_max=1.5, dt_osc=0.01, dt_mpc=0.01).progress_params
E        +  and   &lt;ProgressMetric.kPosOrRotCost: 2&gt; = ProgressMetric.kPosOrRotCost

tests/test_sampling_c3_params.py:140: AssertionError</failure></testcase><testcase classname="tests.test_sampling_c3_params" name="test_unknown_yaml_field_warns_not_crashes" time="0.004" /><testcase classname="tests.test_sampling_c3_params" name="test_partial_yaml_uses_defaults_for_missing_fields" time="0.001" /><testcase classname="tests.test_sampling_c3_params" name="test_empty_yaml_uses_all_defaults" time="0.001" /><testcase classname="tests.test_sampling_c3_params" name="test_no_position_frac_typo" time="0.000" /><testcase classname="tests.test_sampling_c3_params" name="test_progress_metric_kPosOnly_exists_and_coerces" time="0.000" /><testcase classname="tests.test_sampling_c3_params" name="test_pos_regression_threshold_default_is_safe" time="0.000" /><testcase classname="tests.test_sampling_c3_params" name="test_pos_regression_threshold_loads_from_yaml_dict" time="0.000" /><testcase classname="tests.test_sampling_strategies" name="test_is_in_workspace_inside" time="0.000" /><testcase classname="tests.test_sampling_strategies" name="test_is_in_workspace_x_out_of_bounds" time="0.000" /><testcase classname="tests.test_sampling_strategies" name="test_is_in_workspace_y_out_of_bounds" time="0.000" /><testcase classname="tests.test_sampling_strategies" name="test_is_in_workspace_z_too_low" time="0.000" /><testcase classname="tests.test_sampling_strategies" name="test_is_in_workspace_z_too_high" time="0.000" /><testcase classname="tests.test_sampling_strategies" name="test_is_in_workspace_xy_boundary_rejected_z_inclusive" time="0.000" /><testcase classname="tests.test_sampling_strategies" name="test_is_in_workspace_wrong_shape_raises" time="0.000" /><testcase classname="tests.test_sampling_strategies" name="test_random_on_circle_returns_requested_count" time="0.000" /><testcase classname="tests.test_sampling_strategies" name="test_random_on_circle_all_on_circle" time="0.000" /><testcase classname="tests.test_sampling_strategies" name="test_random_on_circle_proxy_seeded_first_when_g_hat_given" time="0.000"><failure message="assert np.float64(-0...6292744518591) == -0.18 ± 1.0e-09&#10;  &#10;  comparison failed&#10;  Obtained: -0.11736292744518591&#10;  Expected: -0.18 ± 1.0e-09">def test_random_on_circle_proxy_seeded_first_when_g_hat_given():
        s = _params(filter_samples_for_safety=False, sampling_radius=0.18,
                    sampling_height=0.05)
        rng = np.random.default_rng(seed=0)
        obj   = np.array([0.0, 0.0])
        g_hat = np.array([1.0, 0.0])   # push east
        out = generate_samples(SamplingStrategy.kRandomOnCircle, n_samples=4,
                               obj_xy=obj, params=s, rng=rng, g_hat=g_hat)
        # proxy = obj - r*g_hat = (-0.18, 0, 0.05)
&gt;       assert out[0][0] == pytest.approx(-0.18, abs=1e-9)
E       assert np.float64(-0...6292744518591) == -0.18 ± 1.0e-09
E
E         comparison failed
E         Obtained: -0.11736292744518591
E         Expected: -0.18 ± 1.0e-09

tests/test_sampling_strategies.py:98: AssertionError</failure></testcase><testcase classname="tests.test_sampling_strategies" name="test_random_on_circle_deterministic_with_seeded_rng" time="0.000" /><testcase classname="tests.test_sampling_strategies" name="test_zero_samples_returns_empty" time="0.001" /><testcase classname="tests.test_sampling_strategies" name="test_filter_drops_out_of_workspace_samples" time="0.000" /><testcase classname="tests.test_sampling_strategies" name="test_filter_off_keeps_all" time="0.000" /><testcase classname="tests.test_sampling_strategies" name="test_radially_symmetric_evenly_spaced" time="0.000" /><testcase classname="tests.test_sampling_strategies" name="test_unimplemented_strategy_raises[SamplingStrategy.kRandomOnSphere]" time="0.000"><failure message="Failed: DID NOT RAISE &lt;class 'NotImplementedError'&gt;">strat = &lt;SamplingStrategy.kRandomOnSphere: 2&gt;

    @pytest.mark.parametrize("strat", [
        SamplingStrategy.kRandomOnSphere,
        SamplingStrategy.kRandomOnPerimeter,
        SamplingStrategy.kRandomOnShell,
        # kMeshNormal removed 2026-08-19: implemented at 7f7fa39 (the anything
        # lineage's sampler); its no-mesh contract (ValueError) is covered by
        # tests/test_mesh_normal_sampling.py::test_dispatch_requires_mesh_faces.
    ])
    def test_unimplemented_strategy_raises(strat):
&gt;       with pytest.raises(NotImplementedError):
E       Failed: DID NOT RAISE &lt;class 'NotImplementedError'&gt;

tests/test_sampling_strategies.py:179: Failed</failure></testcase><testcase classname="tests.test_sampling_strategies" name="test_unimplemented_strategy_raises[SamplingStrategy.kRandomOnPerimeter]" time="0.001"><failure message="Failed: DID NOT RAISE &lt;class 'NotImplementedError'&gt;">strat = &lt;SamplingStrategy.kRandomOnPerimeter: 4&gt;

    @pytest.mark.parametrize("strat", [
        SamplingStrategy.kRandomOnSphere,
        SamplingStrategy.kRandomOnPerimeter,
        SamplingStrategy.kRandomOnShell,
        # kMeshNormal removed 2026-08-19: implemented at 7f7fa39 (the anything
        # lineage's sampler); its no-mesh contract (ValueError) is covered by
        # tests/test_mesh_normal_sampling.py::test_dispatch_requires_mesh_faces.
    ])
    def test_unimplemented_strategy_raises(strat):
&gt;       with pytest.raises(NotImplementedError):
E       Failed: DID NOT RAISE &lt;class 'NotImplementedError'&gt;

tests/test_sampling_strategies.py:179: Failed</failure></testcase><testcase classname="tests.test_sampling_strategies" name="test_unimplemented_strategy_raises[SamplingStrategy.kRandomOnShell]" time="0.000" /><testcase classname="tests.test_slerp_lookahead" name="test_within_lookahead_returns_goal_exactly" time="0.000" /><testcase classname="tests.test_slerp_lookahead" name="test_hemisphere_canonicalization_flips_sign" time="0.000" /><testcase classname="tests.test_slerp_lookahead" name="test_identity_error_returns_current" time="0.000" /><testcase classname="tests.test_slerp_lookahead" name="test_clamp_beyond_lookahead_lands_on_geodesic" time="0.000" /><testcase classname="tests.test_slerp_lookahead" name="test_returned_axis_is_error_axis" time="0.001" /><testcase classname="tests.test_slerp_lookahead" name="test_first_tick_zero_last_axis_never_flips" time="0.000" /><testcase classname="tests.test_slerp_lookahead" name="test_hysteresis_flip_near_pi" time="0.000" /><testcase classname="tests.test_slerp_lookahead" name="test_no_flip_outside_hysteresis_band" time="0.000" /><testcase classname="tests.test_slerp_lookahead" name="test_consecutive_ticks_converge_to_goal" time="0.001" /><testcase classname="tests.test_solver_scale_plumbing" name="test_defaults_stay_anything_n1" time="0.000" /><testcase classname="tests.test_solver_scale_plumbing" name="test_apply_task_solver_scales_sets_values" time="0.001" /><testcase classname="tests.test_solver_scale_plumbing" name="test_apply_task_solver_scales_none_keeps_defaults" time="0.000" /><testcase classname="tests.test_solver_scale_plumbing" name="test_env_falsification_hook_beats_yaml" time="0.000" /><testcase classname="tests.test_solver_scale_plumbing" name="test_params_from_dict_parses_scales" time="0.000" /><testcase classname="tests.test_solver_scale_plumbing" name="test_params_from_dict_absent_is_none" time="0.000" /><testcase classname="tests.test_solver_scale_plumbing" name="test_kik_jack_yaml_carries_jacktoy_literals" time="0.008" /><testcase classname="tests.test_solver_scale_plumbing" name="test_anything_lineage_yamls_leave_scales_absent" time="0.033" /><testcase classname="tests.test_solver_scale_plumbing" name="test_paper_era_g_structure_plumbing" time="0.001" /><testcase classname="tests.test_solver_scale_plumbing" name="test_paper_era_keys_absent_keep_defaults" time="0.000" /><testcase classname="tests.test_solver_scale_plumbing" name="test_g_structure_keys_parse_from_dict_yaml_reverted" time="0.009" /><testcase classname="tests.test_t_mesh_witness_conformance" name="test_push_t_mesh_witnesses_match_controller_sdf" time="0.118" /><testcase classname="tests.test_t_mesh_witness_conformance" name="test_push_t_block_witnesses_match_controller_sdf" time="0.128" /><testcase classname="tests.test_task_costs_lateral" name="test_clamp_arithmetic_default_scale" time="0.000" /><testcase classname="tests.test_task_costs_lateral" name="test_clamp_arithmetic_hardened_scale" time="0.000" /><testcase classname="tests.test_task_costs_lateral" name="test_clamp_arithmetic_zero_perp_no_shift" time="0.000" /><testcase classname="tests.test_task_costs_lateral" name="test_cost_cfg_loads_lateral_align_full_scale_default" time="0.000" /><testcase classname="tests.test_task_costs_lateral" name="test_cost_cfg_loads_lateral_align_full_scale_explicit" time="0.000" /><testcase classname="tests.test_task_costs_lateral" name="test_cost_cfg_loads_lateral_align_full_scale_string_coerces" time="0.000" /><testcase classname="tests.test_tick_to_simtime_yaml_compat" name="test_old_sample_buffer_lifetime_int_converts_to_seconds" time="0.001" /><testcase classname="tests.test_tick_to_simtime_yaml_compat" name="test_new_sample_buffer_lifetime_s_loads_directly" time="0.000" /><testcase classname="tests.test_tick_to_simtime_yaml_compat" name="test_old_contact_loss_threshold_default_converts" time="0.001" /><testcase classname="tests.test_tick_to_simtime_yaml_compat" name="test_old_num_control_loops_to_wait_converts" time="0.001" /><testcase classname="tests.test_tick_to_simtime_yaml_compat" name="test_new_num_control_loops_to_wait_s_loads_directly" time="0.000" /><testcase classname="tests.test_tick_to_simtime_yaml_compat" name="test_old_progress_enforced_over_n_loops_converts" time="0.000" /><testcase classname="tests.test_topple_roll_plan" name="test_picks_first_differing_sign" time="0.001" /><testcase classname="tests.test_topple_roll_plan" name="test_push_point_is_up_end_above_critical_height" time="0.001" /><testcase classname="tests.test_topple_roll_plan" name="test_direction_is_horizontal_unit_toward_far_edge" time="0.000" /><testcase classname="tests.test_topple_roll_plan" name="test_yaw_equivariance" time="0.000" /><testcase classname="tests.test_topple_roll_plan" name="test_identical_tripods_returns_none" time="0.000" /><testcase classname="tests.test_topple_roll_plan" name="test_prefer_direction_picks_goalward_roll" time="0.000" /><testcase classname="tests.test_update_buffer_no_reappend" name="test_buffer_labeled_entry_is_not_reappended" time="0.000" /><testcase classname="tests.test_update_buffer_no_reappend" name="test_fresh_samples_still_appended_without_labels" time="0.000" /><testcase classname="tests.test_workspace_radial_gate" name="test_rejects_inside_r_min" time="0.000" /><testcase classname="tests.test_workspace_radial_gate" name="test_rejects_beyond_r_max" time="0.000" /><testcase classname="tests.test_workspace_radial_gate" name="test_accepts_inside_shell" time="0.000" /><testcase classname="tests.test_workspace_radial_gate" name="test_default_limits_reject_only_margin_shell" time="0.000" /><testcase classname="tests.test_workspace_radial_gate" name="test_margin_rejects_just_inside_r_min" time="0.000" /><testcase classname="tests.test_workspace_radial_gate" name="test_margin_rejects_just_inside_r_max" time="0.000" /><testcase classname="tests.test_workspace_radial_gate" name="test_margin_insets_xy_bounds_not_z" time="0.000" /></testsuite></testsuites>